{"/Users/yashwantnaik/ReactNative/MyWordBook/App.tsx": {"path":"/Users/yashwantnaik/ReactNative/MyWordBook/App.tsx","statementMap":{"0":{"start":{"line":5,"column":12},"end":{"line":11,"column":1}},"1":{"start":{"line":6,"column":2},"end":{"line":10,"column":4}}},"fnMap":{"0":{"name":"(anonymous_0)","decl":{"start":{"line":5,"column":12},"end":{"line":5,"column":13}},"loc":{"start":{"line":5,"column":18},"end":{"line":11,"column":1}},"line":5}},"branchMap":{},"s":{"0":1,"1":1},"f":{"0":1},"b":{},"_coverageSchema":"1a1c01bbd47fc00a2c39e90264f33305004495a9","hash":"50b9177af3d728933b1a02e64e2a079e190f2cbd"}
,"/Users/yashwantnaik/ReactNative/MyWordBook/context/Auth.context.tsx": {"path":"/Users/yashwantnaik/ReactNative/MyWordBook/context/Auth.context.tsx","statementMap":{"0":{"start":{"line":10,"column":20},"end":{"line":14,"column":2}},"1":{"start":{"line":17,"column":18},"end":{"line":17,"column":41}},"2":{"start":{"line":18,"column":2},"end":{"line":20,"column":3}},"3":{"start":{"line":19,"column":4},"end":{"line":19,"column":58}},"4":{"start":{"line":21,"column":2},"end":{"line":21,"column":17}},"5":{"start":{"line":24,"column":28},"end":{"line":40,"column":1}},"6":{"start":{"line":25,"column":36},"end":{"line":25,"column":77}},"7":{"start":{"line":28,"column":4},"end":{"line":28,"column":23}},"8":{"start":{"line":29,"column":4},"end":{"line":29,"column":51}},"9":{"start":{"line":32,"column":16},"end":{"line":36,"column":3}},"10":{"start":{"line":37,"column":2},"end":{"line":39,"column":4}}},"fnMap":{"0":{"name":"(anonymous_0)","decl":{"start":{"line":12,"column":16},"end":{"line":12,"column":17}},"loc":{"start":{"line":12,"column":32},"end":{"line":12,"column":34}},"line":12},"1":{"name":"useAuth","decl":{"start":{"line":16,"column":16},"end":{"line":16,"column":23}},"loc":{"start":{"line":16,"column":31},"end":{"line":22,"column":1}},"line":16},"2":{"name":"(anonymous_2)","decl":{"start":{"line":24,"column":28},"end":{"line":24,"column":29}},"loc":{"start":{"line":24,"column":57},"end":{"line":40,"column":1}},"line":24},"3":{"name":"setAuthTokenContext","decl":{"start":{"line":27,"column":11},"end":{"line":27,"column":30}},"loc":{"start":{"line":27,"column":49},"end":{"line":30,"column":3}},"line":27}},"branchMap":{"0":{"loc":{"start":{"line":18,"column":2},"end":{"line":20,"column":3}},"type":"if","locations":[{"start":{"line":18,"column":2},"end":{"line":20,"column":3}},{"start":{},"end":{}}],"line":18}},"s":{"0":2,"1":2,"2":2,"3":0,"4":2,"5":2,"6":1,"7":0,"8":0,"9":1,"10":1},"f":{"0":0,"1":2,"2":1,"3":0},"b":{"0":[0,2]},"_coverageSchema":"1a1c01bbd47fc00a2c39e90264f33305004495a9","hash":"0ee641504f9e6f0d129100c4c9e6560dd6ded7e2"}
,"/Users/yashwantnaik/ReactNative/MyWordBook/navigation/AuthNavigator.tsx": {"path":"/Users/yashwantnaik/ReactNative/MyWordBook/navigation/AuthNavigator.tsx","statementMap":{"0":{"start":{"line":8,"column":14},"end":{"line":8,"column":42}},"1":{"start":{"line":11,"column":2},"end":{"line":13,"column":9}},"2":{"start":{"line":12,"column":4},"end":{"line":12,"column":49}},"3":{"start":{"line":15,"column":2},"end":{"line":42,"column":4}},"4":{"start":{"line":45,"column":15},"end":{"line":48,"column":2}}},"fnMap":{"0":{"name":"AuthNavigator","decl":{"start":{"line":10,"column":9},"end":{"line":10,"column":22}},"loc":{"start":{"line":10,"column":38},"end":{"line":43,"column":1}},"line":10},"1":{"name":"(anonymous_1)","decl":{"start":{"line":11,"column":12},"end":{"line":11,"column":13}},"loc":{"start":{"line":11,"column":18},"end":{"line":13,"column":3}},"line":11}},"branchMap":{},"s":{"0":1,"1":1,"2":1,"3":1,"4":1},"f":{"0":1,"1":1},"b":{},"_coverageSchema":"1a1c01bbd47fc00a2c39e90264f33305004495a9","hash":"29d72e7ad94ae0d3645cdf7fb5444f86f77c3d78"}
,"/Users/yashwantnaik/ReactNative/MyWordBook/navigation/HomeNavigator.tsx": {"path":"/Users/yashwantnaik/ReactNative/MyWordBook/navigation/HomeNavigator.tsx","statementMap":{"0":{"start":{"line":8,"column":14},"end":{"line":8,"column":42}},"1":{"start":{"line":11,"column":2},"end":{"line":13,"column":9}},"2":{"start":{"line":12,"column":4},"end":{"line":12,"column":49}},"3":{"start":{"line":15,"column":2},"end":{"line":39,"column":4}},"4":{"start":{"line":42,"column":15},"end":{"line":45,"column":2}}},"fnMap":{"0":{"name":"HomeNavigator","decl":{"start":{"line":10,"column":9},"end":{"line":10,"column":22}},"loc":{"start":{"line":10,"column":38},"end":{"line":40,"column":1}},"line":10},"1":{"name":"(anonymous_1)","decl":{"start":{"line":11,"column":12},"end":{"line":11,"column":13}},"loc":{"start":{"line":11,"column":18},"end":{"line":13,"column":3}},"line":11}},"branchMap":{},"s":{"0":1,"1":0,"2":0,"3":0,"4":1},"f":{"0":0,"1":0},"b":{},"_coverageSchema":"1a1c01bbd47fc00a2c39e90264f33305004495a9","hash":"35c29374d7a915b5ec58b4ab06cdab6530118273"}
,"/Users/yashwantnaik/ReactNative/MyWordBook/navigation/RootNavigator.tsx": {"path":"/Users/yashwantnaik/ReactNative/MyWordBook/navigation/RootNavigator.tsx","statementMap":{"0":{"start":{"line":7,"column":30},"end":{"line":37,"column":1}},"1":{"start":{"line":8,"column":15},"end":{"line":8,"column":24}},"2":{"start":{"line":11,"column":4},"end":{"line":15,"column":6}},"3":{"start":{"line":19,"column":4},"end":{"line":23,"column":6}},"4":{"start":{"line":27,"column":4},"end":{"line":33,"column":6}},"5":{"start":{"line":36,"column":2},"end":{"line":36,"column":28}}},"fnMap":{"0":{"name":"(anonymous_0)","decl":{"start":{"line":7,"column":30},"end":{"line":7,"column":31}},"loc":{"start":{"line":7,"column":49},"end":{"line":37,"column":1}},"line":7},"1":{"name":"unAuthenticated","decl":{"start":{"line":10,"column":11},"end":{"line":10,"column":26}},"loc":{"start":{"line":10,"column":34},"end":{"line":16,"column":3}},"line":10},"2":{"name":"authenticated","decl":{"start":{"line":18,"column":11},"end":{"line":18,"column":24}},"loc":{"start":{"line":18,"column":32},"end":{"line":24,"column":3}},"line":18},"3":{"name":"renderNavigation","decl":{"start":{"line":26,"column":11},"end":{"line":26,"column":27}},"loc":{"start":{"line":26,"column":43},"end":{"line":34,"column":3}},"line":26}},"branchMap":{"0":{"loc":{"start":{"line":29,"column":9},"end":{"line":29,"column":51}},"type":"binary-expr","locations":[{"start":{"line":29,"column":9},"end":{"line":29,"column":30}},{"start":{"line":29,"column":34},"end":{"line":29,"column":51}}],"line":29},"1":{"loc":{"start":{"line":31,"column":9},"end":{"line":31,"column":48}},"type":"binary-expr","locations":[{"start":{"line":31,"column":9},"end":{"line":31,"column":29}},{"start":{"line":31,"column":33},"end":{"line":31,"column":48}}],"line":31}},"s":{"0":1,"1":1,"2":1,"3":0,"4":1,"5":1},"f":{"0":1,"1":1,"2":0,"3":1},"b":{"0":[1,1],"1":[1,0]},"_coverageSchema":"1a1c01bbd47fc00a2c39e90264f33305004495a9","hash":"4f207ec4a3cb7f1d72e5417774d6ee9742067992"}
,"/Users/yashwantnaik/ReactNative/MyWordBook/navigation/TabNavigator.tsx": {"path":"/Users/yashwantnaik/ReactNative/MyWordBook/navigation/TabNavigator.tsx","statementMap":{"0":{"start":{"line":9,"column":21},"end":{"line":61,"column":1}},"1":{"start":{"line":10,"column":14},"end":{"line":10,"column":40}},"2":{"start":{"line":12,"column":2},"end":{"line":14,"column":9}},"3":{"start":{"line":13,"column":4},"end":{"line":13,"column":49}},"4":{"start":{"line":16,"column":2},"end":{"line":60,"column":4}},"5":{"start":{"line":21,"column":34},"end":{"line":27,"column":11}},"6":{"start":{"line":32,"column":35},"end":{"line":32,"column":78}},"7":{"start":{"line":34,"column":16},"end":{"line":37,"column":18}},"8":{"start":{"line":46,"column":16},"end":{"line":46,"column":61}},"9":{"start":{"line":49,"column":16},"end":{"line":52,"column":18}},"10":{"start":{"line":63,"column":15},"end":{"line":76,"column":2}}},"fnMap":{"0":{"name":"(anonymous_0)","decl":{"start":{"line":9,"column":21},"end":{"line":9,"column":22}},"loc":{"start":{"line":9,"column":40},"end":{"line":61,"column":1}},"line":9},"1":{"name":"(anonymous_1)","decl":{"start":{"line":12,"column":12},"end":{"line":12,"column":13}},"loc":{"start":{"line":12,"column":18},"end":{"line":14,"column":3}},"line":12},"2":{"name":"(anonymous_2)","decl":{"start":{"line":21,"column":25},"end":{"line":21,"column":26}},"loc":{"start":{"line":21,"column":34},"end":{"line":27,"column":11}},"line":21},"3":{"name":"(anonymous_3)","decl":{"start":{"line":32,"column":27},"end":{"line":32,"column":28}},"loc":{"start":{"line":32,"column":35},"end":{"line":32,"column":78}},"line":32},"4":{"name":"(anonymous_4)","decl":{"start":{"line":33,"column":26},"end":{"line":33,"column":27}},"loc":{"start":{"line":34,"column":16},"end":{"line":37,"column":18}},"line":34},"5":{"name":"(anonymous_5)","decl":{"start":{"line":45,"column":27},"end":{"line":45,"column":28}},"loc":{"start":{"line":46,"column":16},"end":{"line":46,"column":61}},"line":46},"6":{"name":"(anonymous_6)","decl":{"start":{"line":48,"column":26},"end":{"line":48,"column":27}},"loc":{"start":{"line":49,"column":16},"end":{"line":52,"column":18}},"line":49}},"branchMap":{"0":{"loc":{"start":{"line":35,"column":26},"end":{"line":35,"column":69}},"type":"cond-expr","locations":[{"start":{"line":35,"column":36},"end":{"line":35,"column":55}},{"start":{"line":35,"column":58},"end":{"line":35,"column":69}}],"line":35},"1":{"loc":{"start":{"line":50,"column":26},"end":{"line":50,"column":73}},"type":"cond-expr","locations":[{"start":{"line":50,"column":36},"end":{"line":50,"column":57}},{"start":{"line":50,"column":60},"end":{"line":50,"column":73}}],"line":50}},"s":{"0":1,"1":0,"2":0,"3":0,"4":0,"5":0,"6":0,"7":0,"8":0,"9":0,"10":1},"f":{"0":0,"1":0,"2":0,"3":0,"4":0,"5":0,"6":0},"b":{"0":[0,0],"1":[0,0]},"_coverageSchema":"1a1c01bbd47fc00a2c39e90264f33305004495a9","hash":"b52e341ae98921300c55df85f70e9af3135e0106"}
,"/Users/yashwantnaik/ReactNative/MyWordBook/networking/NetworkManager.ts": {"path":"/Users/yashwantnaik/ReactNative/MyWordBook/networking/NetworkManager.ts","statementMap":{"0":{"start":{"line":1,"column":23},"end":{"line":27,"column":1}},"1":{"start":{"line":6,"column":16},"end":{"line":6,"column":65}},"2":{"start":{"line":8,"column":2},"end":{"line":26,"column":3}},"3":{"start":{"line":9,"column":21},"end":{"line":11,"column":6}},"4":{"start":{"line":13,"column":4},"end":{"line":21,"column":5}},"5":{"start":{"line":14,"column":6},"end":{"line":20,"column":7}},"6":{"start":{"line":15,"column":21},"end":{"line":15,"column":42}},"7":{"start":{"line":17,"column":8},"end":{"line":17,"column":21}},"8":{"start":{"line":18,"column":13},"end":{"line":20,"column":7}},"9":{"start":{"line":19,"column":8},"end":{"line":19,"column":28}},"10":{"start":{"line":23,"column":4},"end":{"line":23,"column":39}},"11":{"start":{"line":25,"column":4},"end":{"line":25,"column":18}}},"fnMap":{"0":{"name":"(anonymous_0)","decl":{"start":{"line":1,"column":23},"end":{"line":1,"column":24}},"loc":{"start":{"line":5,"column":5},"end":{"line":27,"column":1}},"line":5}},"branchMap":{"0":{"loc":{"start":{"line":13,"column":4},"end":{"line":21,"column":5}},"type":"if","locations":[{"start":{"line":13,"column":4},"end":{"line":21,"column":5}},{"start":{},"end":{}}],"line":13},"1":{"loc":{"start":{"line":14,"column":6},"end":{"line":20,"column":7}},"type":"if","locations":[{"start":{"line":14,"column":6},"end":{"line":20,"column":7}},{"start":{"line":18,"column":13},"end":{"line":20,"column":7}}],"line":14},"2":{"loc":{"start":{"line":18,"column":13},"end":{"line":20,"column":7}},"type":"if","locations":[{"start":{"line":18,"column":13},"end":{"line":20,"column":7}},{"start":{},"end":{}}],"line":18}},"s":{"0":2,"1":0,"2":0,"3":0,"4":0,"5":0,"6":0,"7":0,"8":0,"9":0,"10":0,"11":0},"f":{"0":0},"b":{"0":[0,0],"1":[0,0],"2":[0,0]},"_coverageSchema":"1a1c01bbd47fc00a2c39e90264f33305004495a9","hash":"5d8ac76dd7ac70a2d6ef995dc8920d6b9bdea72e"}
,"/Users/yashwantnaik/ReactNative/MyWordBook/src/assets/images/arrow.png": {"path":"/Users/yashwantnaik/ReactNative/MyWordBook/src/assets/images/arrow.png","statementMap":{"0":{"start":{"line":1,"column":0},"end":{"line":4,"column":6}}},"fnMap":{},"branchMap":{},"s":{"0":3},"f":{},"b":{},"_coverageSchema":"1a1c01bbd47fc00a2c39e90264f33305004495a9","hash":"55d8e4a917990edc37c5ca65ea341dc66e950482"}
,"/Users/yashwantnaik/ReactNative/MyWordBook/src/assets/images/girlWithBook.png": {"path":"/Users/yashwantnaik/ReactNative/MyWordBook/src/assets/images/girlWithBook.png","statementMap":{"0":{"start":{"line":1,"column":0},"end":{"line":4,"column":6}}},"fnMap":{},"branchMap":{},"s":{"0":3},"f":{},"b":{},"_coverageSchema":"1a1c01bbd47fc00a2c39e90264f33305004495a9","hash":"d96ca6d42f1a6fc78a3536c9c4d4be801254a66b"}
,"/Users/yashwantnaik/ReactNative/MyWordBook/src/assets/images/home-selected.png": {"path":"/Users/yashwantnaik/ReactNative/MyWordBook/src/assets/images/home-selected.png","statementMap":{"0":{"start":{"line":1,"column":0},"end":{"line":4,"column":6}}},"fnMap":{},"branchMap":{},"s":{"0":3},"f":{},"b":{},"_coverageSchema":"1a1c01bbd47fc00a2c39e90264f33305004495a9","hash":"56da870f115df8c65449ba7046fedbb0abdd1fd1"}
,"/Users/yashwantnaik/ReactNative/MyWordBook/src/assets/images/home.png": {"path":"/Users/yashwantnaik/ReactNative/MyWordBook/src/assets/images/home.png","statementMap":{"0":{"start":{"line":1,"column":0},"end":{"line":4,"column":6}}},"fnMap":{},"branchMap":{},"s":{"0":3},"f":{},"b":{},"_coverageSchema":"1a1c01bbd47fc00a2c39e90264f33305004495a9","hash":"e5426eee4c320ee9dbf742891785cdd4661337ae"}
,"/Users/yashwantnaik/ReactNative/MyWordBook/src/assets/images/search-selected.png": {"path":"/Users/yashwantnaik/ReactNative/MyWordBook/src/assets/images/search-selected.png","statementMap":{"0":{"start":{"line":1,"column":0},"end":{"line":4,"column":6}}},"fnMap":{},"branchMap":{},"s":{"0":3},"f":{},"b":{},"_coverageSchema":"1a1c01bbd47fc00a2c39e90264f33305004495a9","hash":"4824963ae31ec4c774eab1ee9836e2d77ed77aa0"}
,"/Users/yashwantnaik/ReactNative/MyWordBook/src/assets/images/search.png": {"path":"/Users/yashwantnaik/ReactNative/MyWordBook/src/assets/images/search.png","statementMap":{"0":{"start":{"line":1,"column":0},"end":{"line":4,"column":6}}},"fnMap":{},"branchMap":{},"s":{"0":3},"f":{},"b":{},"_coverageSchema":"1a1c01bbd47fc00a2c39e90264f33305004495a9","hash":"e02c64971e67fb94f28c9054a405700af648bb1a"}
,"/Users/yashwantnaik/ReactNative/MyWordBook/src/components/button/PrimaryButton.tsx": {"path":"/Users/yashwantnaik/ReactNative/MyWordBook/src/components/button/PrimaryButton.tsx","statementMap":{"0":{"start":{"line":15,"column":22},"end":{"line":38,"column":1}},"1":{"start":{"line":22,"column":2},"end":{"line":37,"column":4}},"2":{"start":{"line":40,"column":15},"end":{"line":59,"column":2}}},"fnMap":{"0":{"name":"(anonymous_0)","decl":{"start":{"line":15,"column":22},"end":{"line":15,"column":23}},"loc":{"start":{"line":21,"column":45},"end":{"line":38,"column":1}},"line":21}},"branchMap":{"0":{"loc":{"start":{"line":18,"column":2},"end":{"line":18,"column":16}},"type":"default-arg","locations":[{"start":{"line":18,"column":14},"end":{"line":18,"column":16}}],"line":18},"1":{"loc":{"start":{"line":19,"column":2},"end":{"line":19,"column":18}},"type":"default-arg","locations":[{"start":{"line":19,"column":13},"end":{"line":19,"column":18}}],"line":19},"2":{"loc":{"start":{"line":20,"column":2},"end":{"line":20,"column":16}},"type":"default-arg","locations":[{"start":{"line":20,"column":10},"end":{"line":20,"column":16}}],"line":20}},"s":{"0":2,"1":4,"2":2},"f":{"0":4},"b":{"0":[3],"1":[4],"2":[4]},"_coverageSchema":"1a1c01bbd47fc00a2c39e90264f33305004495a9","hash":"a3d00cb36657905234de18084cd00d8ebc0c0d04"}
,"/Users/yashwantnaik/ReactNative/MyWordBook/src/components/card/Form.tsx": {"path":"/Users/yashwantnaik/ReactNative/MyWordBook/src/components/card/Form.tsx","statementMap":{"0":{"start":{"line":11,"column":22},"end":{"line":60,"column":1}},"1":{"start":{"line":12,"column":17},"end":{"line":12,"column":45}},"2":{"start":{"line":13,"column":2},"end":{"line":59,"column":4}},"3":{"start":{"line":22,"column":10},"end":{"line":46,"column":12}},"4":{"start":{"line":28,"column":18},"end":{"line":28,"column":58}}},"fnMap":{"0":{"name":"(anonymous_0)","decl":{"start":{"line":11,"column":22},"end":{"line":11,"column":23}},"loc":{"start":{"line":11,"column":31},"end":{"line":60,"column":1}},"line":11},"1":{"name":"(anonymous_1)","decl":{"start":{"line":21,"column":46},"end":{"line":21,"column":47}},"loc":{"start":{"line":21,"column":61},"end":{"line":47,"column":9}},"line":21},"2":{"name":"(anonymous_2)","decl":{"start":{"line":27,"column":30},"end":{"line":27,"column":31}},"loc":{"start":{"line":27,"column":39},"end":{"line":29,"column":17}},"line":27}},"branchMap":{"0":{"loc":{"start":{"line":17,"column":51},"end":{"line":17,"column":75}},"type":"cond-expr","locations":[{"start":{"line":17,"column":66},"end":{"line":17,"column":69}},{"start":{"line":17,"column":72},"end":{"line":17,"column":75}}],"line":17},"1":{"loc":{"start":{"line":41,"column":17},"end":{"line":43,"column":24}},"type":"cond-expr","locations":[{"start":{"line":42,"column":18},"end":{"line":42,"column":76}},{"start":{"line":43,"column":20},"end":{"line":43,"column":24}}],"line":41}},"s":{"0":2,"1":1,"2":1,"3":2,"4":0},"f":{"0":1,"1":2,"2":0},"b":{"0":[0,1],"1":[0,2]},"_coverageSchema":"1a1c01bbd47fc00a2c39e90264f33305004495a9","hash":"4655257675ad39981d2e58adf8fd12e3084e624d"}
,"/Users/yashwantnaik/ReactNative/MyWordBook/src/components/card/styles.ts": {"path":"/Users/yashwantnaik/ReactNative/MyWordBook/src/components/card/styles.ts","statementMap":{"0":{"start":{"line":4,"column":24},"end":{"line":4,"column":55}},"1":{"start":{"line":6,"column":25},"end":{"line":65,"column":4}},"2":{"start":{"line":7,"column":2},"end":{"line":65,"column":4}}},"fnMap":{"0":{"name":"(anonymous_0)","decl":{"start":{"line":6,"column":25},"end":{"line":6,"column":26}},"loc":{"start":{"line":7,"column":2},"end":{"line":65,"column":4}},"line":7}},"branchMap":{"0":{"loc":{"start":{"line":6,"column":26},"end":{"line":6,"column":48}},"type":"default-arg","locations":[{"start":{"line":6,"column":44},"end":{"line":6,"column":48}}],"line":6},"1":{"loc":{"start":{"line":13,"column":14},"end":{"line":13,"column":45}},"type":"cond-expr","locations":[{"start":{"line":13,"column":38},"end":{"line":13,"column":40}},{"start":{"line":13,"column":43},"end":{"line":13,"column":45}}],"line":13},"2":{"loc":{"start":{"line":22,"column":16},"end":{"line":22,"column":47}},"type":"cond-expr","locations":[{"start":{"line":22,"column":40},"end":{"line":22,"column":42}},{"start":{"line":22,"column":45},"end":{"line":22,"column":47}}],"line":22},"3":{"loc":{"start":{"line":31,"column":16},"end":{"line":31,"column":47}},"type":"cond-expr","locations":[{"start":{"line":31,"column":40},"end":{"line":31,"column":42}},{"start":{"line":31,"column":45},"end":{"line":31,"column":47}}],"line":31},"4":{"loc":{"start":{"line":61,"column":16},"end":{"line":61,"column":47}},"type":"cond-expr","locations":[{"start":{"line":61,"column":40},"end":{"line":61,"column":42}},{"start":{"line":61,"column":45},"end":{"line":61,"column":47}}],"line":61}},"s":{"0":2,"1":2,"2":11},"f":{"0":11},"b":{"0":[10],"1":[0,11],"2":[0,11],"3":[0,11],"4":[0,11]},"_coverageSchema":"1a1c01bbd47fc00a2c39e90264f33305004495a9","hash":"036d4239642127ce7ed33e2e59c1cbc7b0a655fd"}
,"/Users/yashwantnaik/ReactNative/MyWordBook/src/components/items/NavigationItem.tsx": {"path":"/Users/yashwantnaik/ReactNative/MyWordBook/src/components/items/NavigationItem.tsx","statementMap":{"0":{"start":{"line":6,"column":23},"end":{"line":23,"column":1}},"1":{"start":{"line":7,"column":2},"end":{"line":22,"column":4}},"2":{"start":{"line":25,"column":15},"end":{"line":57,"column":2}}},"fnMap":{"0":{"name":"(anonymous_0)","decl":{"start":{"line":6,"column":23},"end":{"line":6,"column":24}},"loc":{"start":{"line":6,"column":58},"end":{"line":23,"column":1}},"line":6}},"branchMap":{},"s":{"0":3,"1":21,"2":3},"f":{"0":21},"b":{},"_coverageSchema":"1a1c01bbd47fc00a2c39e90264f33305004495a9","hash":"b09b14c5cb6b0b3dd153a18e3c6c8395985b019e"}
,"/Users/yashwantnaik/ReactNative/MyWordBook/src/components/loader/Loader.tsx": {"path":"/Users/yashwantnaik/ReactNative/MyWordBook/src/components/loader/Loader.tsx","statementMap":{"0":{"start":{"line":10,"column":15},"end":{"line":31,"column":1}},"1":{"start":{"line":11,"column":2},"end":{"line":30,"column":4}},"2":{"start":{"line":33,"column":15},"end":{"line":59,"column":2}}},"fnMap":{"0":{"name":"(anonymous_0)","decl":{"start":{"line":10,"column":15},"end":{"line":10,"column":16}},"loc":{"start":{"line":10,"column":52},"end":{"line":31,"column":1}},"line":10},"1":{"name":"(anonymous_1)","decl":{"start":{"line":18,"column":22},"end":{"line":18,"column":23}},"loc":{"start":{"line":18,"column":28},"end":{"line":18,"column":30}},"line":18}},"branchMap":{},"s":{"0":3,"1":4,"2":3},"f":{"0":4,"1":0},"b":{},"_coverageSchema":"1a1c01bbd47fc00a2c39e90264f33305004495a9","hash":"bcd861f0a607bd9afbfb7642c48ddc7e1e16dee7"}
,"/Users/yashwantnaik/ReactNative/MyWordBook/src/constants/Colors.constant.ts": {"path":"/Users/yashwantnaik/ReactNative/MyWordBook/src/constants/Colors.constant.ts","statementMap":{"0":{"start":{"line":1,"column":22},"end":{"line":14,"column":1}}},"fnMap":{},"branchMap":{},"s":{"0":4},"f":{},"b":{},"_coverageSchema":"1a1c01bbd47fc00a2c39e90264f33305004495a9","hash":"835182cae0c235db385e92412fe41158b8a4d454"}
,"/Users/yashwantnaik/ReactNative/MyWordBook/src/constants/Images.constant.ts": {"path":"/Users/yashwantnaik/ReactNative/MyWordBook/src/constants/Images.constant.ts","statementMap":{"0":{"start":{"line":1,"column":15},"end":{"line":8,"column":1}}},"fnMap":{},"branchMap":{},"s":{"0":3},"f":{},"b":{},"_coverageSchema":"1a1c01bbd47fc00a2c39e90264f33305004495a9","hash":"2c3724aade8ce9dd19c1715be269f16ba867d2f3"}
,"/Users/yashwantnaik/ReactNative/MyWordBook/src/modules/auth/LogIn.tsx": {"path":"/Users/yashwantnaik/ReactNative/MyWordBook/src/modules/auth/LogIn.tsx","statementMap":{"0":{"start":{"line":26,"column":20},"end":{"line":125,"column":1}},"1":{"start":{"line":27,"column":46},"end":{"line":27,"column":61}},"2":{"start":{"line":28,"column":16},"end":{"line":28,"column":48}},"3":{"start":{"line":30,"column":29},"end":{"line":32,"column":3}},"4":{"start":{"line":31,"column":4},"end":{"line":31,"column":28}},"5":{"start":{"line":34,"column":55},"end":{"line":37,"column":3}},"6":{"start":{"line":39,"column":15},"end":{"line":39,"column":24}},"7":{"start":{"line":40,"column":17},"end":{"line":40,"column":45}},"8":{"start":{"line":42,"column":2},"end":{"line":46,"column":9}},"9":{"start":{"line":43,"column":4},"end":{"line":45,"column":5}},"10":{"start":{"line":44,"column":6},"end":{"line":44,"column":60}},"11":{"start":{"line":49,"column":4},"end":{"line":49,"column":35}},"12":{"start":{"line":53,"column":4},"end":{"line":53,"column":28}},"13":{"start":{"line":54,"column":4},"end":{"line":57,"column":13}},"14":{"start":{"line":55,"column":6},"end":{"line":55,"column":31}},"15":{"start":{"line":56,"column":6},"end":{"line":56,"column":32}},"16":{"start":{"line":61,"column":4},"end":{"line":68,"column":5}},"17":{"start":{"line":63,"column":8},"end":{"line":63,"column":45}},"18":{"start":{"line":64,"column":8},"end":{"line":64,"column":14}},"19":{"start":{"line":66,"column":8},"end":{"line":66,"column":48}},"20":{"start":{"line":67,"column":8},"end":{"line":67,"column":14}},"21":{"start":{"line":71,"column":23},"end":{"line":86,"column":3}},"22":{"start":{"line":87,"column":21},"end":{"line":89,"column":3}},"23":{"start":{"line":91,"column":20},"end":{"line":96,"column":3}},"24":{"start":{"line":98,"column":2},"end":{"line":124,"column":4}}},"fnMap":{"0":{"name":"(anonymous_0)","decl":{"start":{"line":26,"column":20},"end":{"line":26,"column":21}},"loc":{"start":{"line":26,"column":39},"end":{"line":125,"column":1}},"line":26},"1":{"name":"(anonymous_1)","decl":{"start":{"line":30,"column":29},"end":{"line":30,"column":30}},"loc":{"start":{"line":30,"column":41},"end":{"line":32,"column":3}},"line":30},"2":{"name":"(anonymous_2)","decl":{"start":{"line":42,"column":12},"end":{"line":42,"column":13}},"loc":{"start":{"line":42,"column":18},"end":{"line":46,"column":3}},"line":42},"3":{"name":"didPressedForGotPassword","decl":{"start":{"line":48,"column":11},"end":{"line":48,"column":35}},"loc":{"start":{"line":48,"column":44},"end":{"line":50,"column":3}},"line":48},"4":{"name":"submitLoginApiRequest","decl":{"start":{"line":52,"column":11},"end":{"line":52,"column":32}},"loc":{"start":{"line":52,"column":41},"end":{"line":58,"column":3}},"line":52},"5":{"name":"(anonymous_5)","decl":{"start":{"line":54,"column":15},"end":{"line":54,"column":16}},"loc":{"start":{"line":54,"column":21},"end":{"line":57,"column":5}},"line":54},"6":{"name":"inputValueHandler","decl":{"start":{"line":60,"column":11},"end":{"line":60,"column":28}},"loc":{"start":{"line":60,"column":70},"end":{"line":69,"column":3}},"line":60}},"branchMap":{"0":{"loc":{"start":{"line":43,"column":4},"end":{"line":45,"column":5}},"type":"if","locations":[{"start":{"line":43,"column":4},"end":{"line":45,"column":5}},{"start":{},"end":{}}],"line":43},"1":{"loc":{"start":{"line":61,"column":4},"end":{"line":68,"column":5}},"type":"switch","locations":[{"start":{"line":62,"column":6},"end":{"line":64,"column":14}},{"start":{"line":65,"column":6},"end":{"line":67,"column":14}}],"line":61}},"s":{"0":2,"1":1,"2":1,"3":1,"4":0,"5":1,"6":1,"7":1,"8":1,"9":1,"10":0,"11":0,"12":0,"13":0,"14":0,"15":0,"16":0,"17":0,"18":0,"19":0,"20":0,"21":1,"22":1,"23":1,"24":1},"f":{"0":1,"1":0,"2":1,"3":0,"4":0,"5":0,"6":0},"b":{"0":[0,1],"1":[0,0]},"_coverageSchema":"1a1c01bbd47fc00a2c39e90264f33305004495a9","hash":"bc0b205ecdc33f5f07de2d9e0a6c1c5eae091626"}
,"/Users/yashwantnaik/ReactNative/MyWordBook/src/modules/auth/hooks/useValidationInfo.ts": {"path":"/Users/yashwantnaik/ReactNative/MyWordBook/src/modules/auth/hooks/useValidationInfo.ts","statementMap":{"0":{"start":{"line":5,"column":17},"end":{"line":5,"column":42}},"1":{"start":{"line":6,"column":2},"end":{"line":6,"column":76}},"2":{"start":{"line":7,"column":2},"end":{"line":11,"column":3}},"3":{"start":{"line":8,"column":4},"end":{"line":8,"column":36}},"4":{"start":{"line":9,"column":9},"end":{"line":11,"column":3}},"5":{"start":{"line":10,"column":4},"end":{"line":10,"column":46}},"6":{"start":{"line":12,"column":2},"end":{"line":15,"column":4}},"7":{"start":{"line":16,"column":2},"end":{"line":20,"column":3}},"8":{"start":{"line":17,"column":4},"end":{"line":17,"column":45}},"9":{"start":{"line":18,"column":9},"end":{"line":20,"column":3}},"10":{"start":{"line":19,"column":4},"end":{"line":19,"column":66}},"11":{"start":{"line":21,"column":2},"end":{"line":21,"column":16}}},"fnMap":{"0":{"name":"validateLoginInfo","decl":{"start":{"line":1,"column":24},"end":{"line":1,"column":41}},"loc":{"start":{"line":4,"column":2},"end":{"line":22,"column":1}},"line":4}},"branchMap":{"0":{"loc":{"start":{"line":7,"column":2},"end":{"line":11,"column":3}},"type":"if","locations":[{"start":{"line":7,"column":2},"end":{"line":11,"column":3}},{"start":{"line":9,"column":9},"end":{"line":11,"column":3}}],"line":7},"1":{"loc":{"start":{"line":9,"column":9},"end":{"line":11,"column":3}},"type":"if","locations":[{"start":{"line":9,"column":9},"end":{"line":11,"column":3}},{"start":{},"end":{}}],"line":9},"2":{"loc":{"start":{"line":16,"column":2},"end":{"line":20,"column":3}},"type":"if","locations":[{"start":{"line":16,"column":2},"end":{"line":20,"column":3}},{"start":{"line":18,"column":9},"end":{"line":20,"column":3}}],"line":16},"3":{"loc":{"start":{"line":18,"column":9},"end":{"line":20,"column":3}},"type":"if","locations":[{"start":{"line":18,"column":9},"end":{"line":20,"column":3}},{"start":{},"end":{}}],"line":18}},"s":{"0":0,"1":0,"2":0,"3":0,"4":0,"5":0,"6":0,"7":0,"8":0,"9":0,"10":0,"11":0},"f":{"0":0},"b":{"0":[0,0],"1":[0,0],"2":[0,0],"3":[0,0]},"_coverageSchema":"1a1c01bbd47fc00a2c39e90264f33305004495a9","hash":"130f25a2565aa3e8124e6eb184e7e2c8620fae10"}
,"/Users/yashwantnaik/ReactNative/MyWordBook/src/modules/auth/hooks/useValidatorForm.ts": {"path":"/Users/yashwantnaik/ReactNative/MyWordBook/src/modules/auth/hooks/useValidatorForm.ts","statementMap":{"0":{"start":{"line":4,"column":25},"end":{"line":42,"column":1}},"1":{"start":{"line":5,"column":30},"end":{"line":8,"column":4}},"2":{"start":{"line":10,"column":30},"end":{"line":13,"column":4}},"3":{"start":{"line":14,"column":42},"end":{"line":14,"column":57}},"4":{"start":{"line":16,"column":23},"end":{"line":22,"column":3}},"5":{"start":{"line":17,"column":26},"end":{"line":17,"column":27}},"6":{"start":{"line":18,"column":4},"end":{"line":21,"column":7}},"7":{"start":{"line":24,"column":23},"end":{"line":28,"column":3}},"8":{"start":{"line":25,"column":4},"end":{"line":25,"column":63}},"9":{"start":{"line":26,"column":4},"end":{"line":26,"column":32}},"10":{"start":{"line":27,"column":4},"end":{"line":27,"column":26}},"11":{"start":{"line":30,"column":2},"end":{"line":39,"column":15}},"12":{"start":{"line":31,"column":4},"end":{"line":38,"column":5}},"13":{"start":{"line":36,"column":6},"end":{"line":36,"column":53}},"14":{"start":{"line":37,"column":6},"end":{"line":37,"column":30}},"15":{"start":{"line":41,"column":2},"end":{"line":41,"column":54}}},"fnMap":{"0":{"name":"(anonymous_0)","decl":{"start":{"line":4,"column":25},"end":{"line":4,"column":26}},"loc":{"start":{"line":4,"column":77},"end":{"line":42,"column":1}},"line":4},"1":{"name":"(anonymous_1)","decl":{"start":{"line":16,"column":23},"end":{"line":16,"column":24}},"loc":{"start":{"line":16,"column":41},"end":{"line":22,"column":3}},"line":16},"2":{"name":"(anonymous_2)","decl":{"start":{"line":24,"column":23},"end":{"line":24,"column":24}},"loc":{"start":{"line":24,"column":35},"end":{"line":28,"column":3}},"line":24},"3":{"name":"(anonymous_3)","decl":{"start":{"line":30,"column":12},"end":{"line":30,"column":13}},"loc":{"start":{"line":30,"column":18},"end":{"line":39,"column":3}},"line":30}},"branchMap":{"0":{"loc":{"start":{"line":31,"column":4},"end":{"line":38,"column":5}},"type":"if","locations":[{"start":{"line":31,"column":4},"end":{"line":38,"column":5}},{"start":{},"end":{}}],"line":31},"1":{"loc":{"start":{"line":32,"column":6},"end":{"line":34,"column":18}},"type":"binary-expr","locations":[{"start":{"line":32,"column":6},"end":{"line":32,"column":31}},{"start":{"line":33,"column":6},"end":{"line":33,"column":34}},{"start":{"line":34,"column":6},"end":{"line":34,"column":18}}],"line":32}},"s":{"0":2,"1":1,"2":1,"3":1,"4":1,"5":0,"6":0,"7":1,"8":0,"9":0,"10":0,"11":1,"12":1,"13":0,"14":0,"15":1},"f":{"0":1,"1":0,"2":0,"3":1},"b":{"0":[0,1],"1":[1,1,1]},"_coverageSchema":"1a1c01bbd47fc00a2c39e90264f33305004495a9","hash":"a143448e99b19b92ba950472ea870ba822faf890"}
,"/Users/yashwantnaik/ReactNative/MyWordBook/src/modules/auth/styles/styles.ts": {"path":"/Users/yashwantnaik/ReactNative/MyWordBook/src/modules/auth/styles/styles.ts","statementMap":{"0":{"start":{"line":4,"column":22},"end":{"line":34,"column":2}}},"fnMap":{},"branchMap":{},"s":{"0":2},"f":{},"b":{},"_coverageSchema":"1a1c01bbd47fc00a2c39e90264f33305004495a9","hash":"ac36da8c25ff313c38223c77f704420d3b9498f2"}
,"/Users/yashwantnaik/ReactNative/MyWordBook/src/modules/entry/WelcomeScreen.tsx": {"path":"/Users/yashwantnaik/ReactNative/MyWordBook/src/modules/entry/WelcomeScreen.tsx","statementMap":{"0":{"start":{"line":9,"column":22},"end":{"line":47,"column":1}},"1":{"start":{"line":10,"column":26},"end":{"line":10,"column":67}},"2":{"start":{"line":12,"column":2},"end":{"line":18,"column":9}},"3":{"start":{"line":13,"column":4},"end":{"line":17,"column":7}},"4":{"start":{"line":14,"column":6},"end":{"line":16,"column":7}},"5":{"start":{"line":15,"column":8},"end":{"line":15,"column":21}},"6":{"start":{"line":21,"column":27},"end":{"line":21,"column":72}},"7":{"start":{"line":22,"column":4},"end":{"line":24,"column":5}},"8":{"start":{"line":23,"column":6},"end":{"line":23,"column":22}},"9":{"start":{"line":25,"column":4},"end":{"line":25,"column":21}},"10":{"start":{"line":28,"column":29},"end":{"line":32,"column":3}},"11":{"start":{"line":29,"column":4},"end":{"line":31,"column":7}},"12":{"start":{"line":34,"column":2},"end":{"line":46,"column":4}},"13":{"start":{"line":51,"column":15},"end":{"line":86,"column":2}}},"fnMap":{"0":{"name":"(anonymous_0)","decl":{"start":{"line":9,"column":22},"end":{"line":9,"column":23}},"loc":{"start":{"line":9,"column":59},"end":{"line":47,"column":1}},"line":9},"1":{"name":"(anonymous_1)","decl":{"start":{"line":12,"column":12},"end":{"line":12,"column":13}},"loc":{"start":{"line":12,"column":18},"end":{"line":18,"column":3}},"line":12},"2":{"name":"(anonymous_2)","decl":{"start":{"line":13,"column":35},"end":{"line":13,"column":36}},"loc":{"start":{"line":13,"column":42},"end":{"line":17,"column":5}},"line":13},"3":{"name":"checkUserAuthentication","decl":{"start":{"line":20,"column":17},"end":{"line":20,"column":40}},"loc":{"start":{"line":20,"column":70},"end":{"line":26,"column":3}},"line":20},"4":{"name":"(anonymous_4)","decl":{"start":{"line":28,"column":29},"end":{"line":28,"column":30}},"loc":{"start":{"line":28,"column":35},"end":{"line":32,"column":3}},"line":28}},"branchMap":{"0":{"loc":{"start":{"line":14,"column":6},"end":{"line":16,"column":7}},"type":"if","locations":[{"start":{"line":14,"column":6},"end":{"line":16,"column":7}},{"start":{},"end":{}}],"line":14},"1":{"loc":{"start":{"line":22,"column":4},"end":{"line":24,"column":5}},"type":"if","locations":[{"start":{"line":22,"column":4},"end":{"line":24,"column":5}},{"start":{},"end":{}}],"line":22},"2":{"loc":{"start":{"line":22,"column":8},"end":{"line":22,"column":43}},"type":"binary-expr","locations":[{"start":{"line":22,"column":8},"end":{"line":22,"column":22}},{"start":{"line":22,"column":26},"end":{"line":22,"column":43}}],"line":22}},"s":{"0":1,"1":1,"2":1,"3":1,"4":0,"5":0,"6":1,"7":1,"8":0,"9":0,"10":1,"11":0,"12":1,"13":1},"f":{"0":1,"1":1,"2":0,"3":1,"4":0},"b":{"0":[0,0],"1":[0,0],"2":[1,0]},"_coverageSchema":"1a1c01bbd47fc00a2c39e90264f33305004495a9","hash":"78942052e81334810c820544401a0e71acb9804d"}
,"/Users/yashwantnaik/ReactNative/MyWordBook/src/modules/home/HomeScreen.tsx": {"path":"/Users/yashwantnaik/ReactNative/MyWordBook/src/modules/home/HomeScreen.tsx","statementMap":{"0":{"start":{"line":7,"column":19},"end":{"line":52,"column":1}},"1":{"start":{"line":10,"column":25},"end":{"line":12,"column":3}},"2":{"start":{"line":11,"column":4},"end":{"line":11,"column":50}},"3":{"start":{"line":14,"column":26},"end":{"line":16,"column":3}},"4":{"start":{"line":15,"column":4},"end":{"line":15,"column":68}},"5":{"start":{"line":18,"column":26},"end":{"line":24,"column":3}},"6":{"start":{"line":19,"column":4},"end":{"line":23,"column":6}},"7":{"start":{"line":26,"column":21},"end":{"line":38,"column":3}},"8":{"start":{"line":27,"column":4},"end":{"line":37,"column":6}},"9":{"start":{"line":33,"column":12},"end":{"line":33,"column":33}},"10":{"start":{"line":40,"column":2},"end":{"line":51,"column":4}},"11":{"start":{"line":47,"column":28},"end":{"line":47,"column":37}},"12":{"start":{"line":56,"column":15},"end":{"line":70,"column":2}}},"fnMap":{"0":{"name":"(anonymous_0)","decl":{"start":{"line":7,"column":19},"end":{"line":7,"column":20}},"loc":{"start":{"line":7,"column":56},"end":{"line":52,"column":1}},"line":7},"1":{"name":"(anonymous_1)","decl":{"start":{"line":10,"column":25},"end":{"line":10,"column":26}},"loc":{"start":{"line":10,"column":44},"end":{"line":12,"column":3}},"line":10},"2":{"name":"(anonymous_2)","decl":{"start":{"line":14,"column":26},"end":{"line":14,"column":27}},"loc":{"start":{"line":14,"column":45},"end":{"line":16,"column":3}},"line":14},"3":{"name":"(anonymous_3)","decl":{"start":{"line":18,"column":26},"end":{"line":18,"column":27}},"loc":{"start":{"line":18,"column":45},"end":{"line":24,"column":3}},"line":18},"4":{"name":"(anonymous_4)","decl":{"start":{"line":26,"column":21},"end":{"line":26,"column":22}},"loc":{"start":{"line":26,"column":59},"end":{"line":38,"column":3}},"line":26},"5":{"name":"(anonymous_5)","decl":{"start":{"line":32,"column":19},"end":{"line":32,"column":20}},"loc":{"start":{"line":32,"column":25},"end":{"line":34,"column":11}},"line":32},"6":{"name":"(anonymous_6)","decl":{"start":{"line":47,"column":20},"end":{"line":47,"column":21}},"loc":{"start":{"line":47,"column":28},"end":{"line":47,"column":37}},"line":47}},"branchMap":{},"s":{"0":2,"1":2,"2":1,"3":2,"4":2,"5":2,"6":2,"7":2,"8":20,"9":1,"10":2,"11":20,"12":2},"f":{"0":2,"1":1,"2":2,"3":2,"4":20,"5":1,"6":20},"b":{},"_coverageSchema":"1a1c01bbd47fc00a2c39e90264f33305004495a9","hash":"1b58af60fffcc76666a7af44d4278ad8a38ded37"}
,"/Users/yashwantnaik/ReactNative/MyWordBook/src/modules/information/InformationScreen.tsx": {"path":"/Users/yashwantnaik/ReactNative/MyWordBook/src/modules/information/InformationScreen.tsx","statementMap":{"0":{"start":{"line":14,"column":26},"end":{"line":33,"column":1}},"1":{"start":{"line":15,"column":16},"end":{"line":15,"column":54}},"2":{"start":{"line":16,"column":22},"end":{"line":16,"column":32}},"3":{"start":{"line":18,"column":2},"end":{"line":32,"column":4}},"4":{"start":{"line":27,"column":12},"end":{"line":27,"column":52}},"5":{"start":{"line":35,"column":15},"end":{"line":50,"column":2}}},"fnMap":{"0":{"name":"(anonymous_0)","decl":{"start":{"line":14,"column":26},"end":{"line":14,"column":27}},"loc":{"start":{"line":14,"column":32},"end":{"line":33,"column":1}},"line":14},"1":{"name":"(anonymous_1)","decl":{"start":{"line":26,"column":19},"end":{"line":26,"column":20}},"loc":{"start":{"line":26,"column":25},"end":{"line":28,"column":11}},"line":26}},"branchMap":{"0":{"loc":{"start":{"line":22,"column":7},"end":{"line":30,"column":7}},"type":"binary-expr","locations":[{"start":{"line":22,"column":7},"end":{"line":22,"column":50}},{"start":{"line":23,"column":8},"end":{"line":29,"column":10}}],"line":22}},"s":{"0":2,"1":2,"2":2,"3":2,"4":1,"5":2},"f":{"0":2,"1":1},"b":{"0":[2,2]},"_coverageSchema":"1a1c01bbd47fc00a2c39e90264f33305004495a9","hash":"3e5f6ef6e3dec906f8915287e6c5afa6e24bb2d5"}
,"/Users/yashwantnaik/ReactNative/MyWordBook/src/modules/information/audio/useAudio.ts": {"path":"/Users/yashwantnaik/ReactNative/MyWordBook/src/modules/information/audio/useAudio.ts","statementMap":{"0":{"start":{"line":4,"column":20},"end":{"line":12,"column":3}},"1":{"start":{"line":5,"column":18},"end":{"line":11,"column":6}},"2":{"start":{"line":6,"column":6},"end":{"line":10,"column":7}},"3":{"start":{"line":7,"column":8},"end":{"line":7,"column":53}},"4":{"start":{"line":9,"column":8},"end":{"line":9,"column":21}},"5":{"start":{"line":14,"column":2},"end":{"line":16,"column":4}}},"fnMap":{"0":{"name":"useAudio","decl":{"start":{"line":3,"column":16},"end":{"line":3,"column":24}},"loc":{"start":{"line":3,"column":27},"end":{"line":17,"column":1}},"line":3},"1":{"name":"(anonymous_1)","decl":{"start":{"line":4,"column":20},"end":{"line":4,"column":21}},"loc":{"start":{"line":4,"column":37},"end":{"line":12,"column":3}},"line":4},"2":{"name":"(anonymous_2)","decl":{"start":{"line":5,"column":39},"end":{"line":5,"column":40}},"loc":{"start":{"line":5,"column":48},"end":{"line":11,"column":5}},"line":5}},"branchMap":{"0":{"loc":{"start":{"line":6,"column":6},"end":{"line":10,"column":7}},"type":"if","locations":[{"start":{"line":6,"column":6},"end":{"line":10,"column":7}},{"start":{"line":8,"column":13},"end":{"line":10,"column":7}}],"line":6}},"s":{"0":1,"1":1,"2":0,"3":0,"4":0,"5":1},"f":{"0":1,"1":1,"2":0},"b":{"0":[0,0]},"_coverageSchema":"1a1c01bbd47fc00a2c39e90264f33305004495a9","hash":"dd5f96f4bc27cec4d9a3c089e2b43167940d570b"}
,"/Users/yashwantnaik/ReactNative/MyWordBook/src/modules/search/SearchScreen.tsx": {"path":"/Users/yashwantnaik/ReactNative/MyWordBook/src/modules/search/SearchScreen.tsx","statementMap":{"0":{"start":{"line":18,"column":21},"end":{"line":92,"column":1}},"1":{"start":{"line":19,"column":35},"end":{"line":19,"column":47}},"2":{"start":{"line":20,"column":42},"end":{"line":20,"column":57}},"3":{"start":{"line":21,"column":36},"end":{"line":21,"column":48}},"4":{"start":{"line":22,"column":36},"end":{"line":22,"column":51}},"5":{"start":{"line":25,"column":4},"end":{"line":31,"column":7}},"6":{"start":{"line":35,"column":4},"end":{"line":35,"column":32}},"7":{"start":{"line":39,"column":4},"end":{"line":39,"column":23}},"8":{"start":{"line":40,"column":4},"end":{"line":40,"column":21}},"9":{"start":{"line":41,"column":4},"end":{"line":41,"column":23}},"10":{"start":{"line":42,"column":4},"end":{"line":53,"column":6}},"11":{"start":{"line":44,"column":8},"end":{"line":44,"column":28}},"12":{"start":{"line":45,"column":8},"end":{"line":49,"column":9}},"13":{"start":{"line":46,"column":10},"end":{"line":46,"column":32}},"14":{"start":{"line":48,"column":10},"end":{"line":48,"column":33}},"15":{"start":{"line":56,"column":2},"end":{"line":91,"column":4}},"16":{"start":{"line":65,"column":14},"end":{"line":65,"column":37}},"17":{"start":{"line":94,"column":15},"end":{"line":132,"column":2}}},"fnMap":{"0":{"name":"(anonymous_0)","decl":{"start":{"line":18,"column":21},"end":{"line":18,"column":22}},"loc":{"start":{"line":18,"column":58},"end":{"line":92,"column":1}},"line":18},"1":{"name":"navigateToInfo","decl":{"start":{"line":24,"column":11},"end":{"line":24,"column":25}},"loc":{"start":{"line":24,"column":37},"end":{"line":32,"column":3}},"line":24},"2":{"name":"onChangeText","decl":{"start":{"line":34,"column":11},"end":{"line":34,"column":23}},"loc":{"start":{"line":34,"column":51},"end":{"line":36,"column":3}},"line":34},"3":{"name":"onPressSearch","decl":{"start":{"line":38,"column":17},"end":{"line":38,"column":30}},"loc":{"start":{"line":38,"column":33},"end":{"line":54,"column":3}},"line":38},"4":{"name":"(anonymous_4)","decl":{"start":{"line":43,"column":6},"end":{"line":43,"column":7}},"loc":{"start":{"line":43,"column":25},"end":{"line":50,"column":7}},"line":43},"5":{"name":"(anonymous_5)","decl":{"start":{"line":64,"column":24},"end":{"line":64,"column":25}},"loc":{"start":{"line":64,"column":30},"end":{"line":66,"column":13}},"line":64}},"branchMap":{"0":{"loc":{"start":{"line":45,"column":8},"end":{"line":49,"column":9}},"type":"if","locations":[{"start":{"line":45,"column":8},"end":{"line":49,"column":9}},{"start":{"line":47,"column":15},"end":{"line":49,"column":9}}],"line":45}},"s":{"0":2,"1":3,"2":3,"3":3,"4":3,"5":0,"6":1,"7":0,"8":0,"9":0,"10":0,"11":0,"12":0,"13":0,"14":0,"15":3,"16":0,"17":2},"f":{"0":3,"1":0,"2":1,"3":0,"4":0,"5":0},"b":{"0":[0,0]},"_coverageSchema":"1a1c01bbd47fc00a2c39e90264f33305004495a9","hash":"c738acee2a28508d619560ef6db7343fe4008e70"}
,"/Users/yashwantnaik/ReactNative/MyWordBook/src/modules/search/WordsList.tsx": {"path":"/Users/yashwantnaik/ReactNative/MyWordBook/src/modules/search/WordsList.tsx","statementMap":{"0":{"start":{"line":5,"column":18},"end":{"line":23,"column":1}},"1":{"start":{"line":6,"column":2},"end":{"line":22,"column":4}},"2":{"start":{"line":9,"column":8},"end":{"line":19,"column":10}},"3":{"start":{"line":15,"column":16},"end":{"line":15,"column":37}}},"fnMap":{"0":{"name":"(anonymous_0)","decl":{"start":{"line":5,"column":18},"end":{"line":5,"column":19}},"loc":{"start":{"line":5,"column":51},"end":{"line":23,"column":1}},"line":5},"1":{"name":"(anonymous_1)","decl":{"start":{"line":8,"column":22},"end":{"line":8,"column":23}},"loc":{"start":{"line":8,"column":37},"end":{"line":20,"column":7}},"line":8},"2":{"name":"(anonymous_2)","decl":{"start":{"line":14,"column":23},"end":{"line":14,"column":24}},"loc":{"start":{"line":14,"column":29},"end":{"line":16,"column":15}},"line":14}},"branchMap":{},"s":{"0":2,"1":4,"2":1,"3":1},"f":{"0":4,"1":1,"2":1},"b":{},"_coverageSchema":"1a1c01bbd47fc00a2c39e90264f33305004495a9","hash":"009a0114e322b5a9ed8c0322ede8ad8ee2e067d5"}
,"/Users/yashwantnaik/ReactNative/MyWordBook/src/services/AsyncStorageService.ts": {"path":"/Users/yashwantnaik/ReactNative/MyWordBook/src/services/AsyncStorageService.ts","statementMap":{"0":{"start":{"line":5,"column":4},"end":{"line":5,"column":52}},"1":{"start":{"line":12,"column":4},"end":{"line":19,"column":5}},"2":{"start":{"line":13,"column":21},"end":{"line":13,"column":52}},"3":{"start":{"line":14,"column":6},"end":{"line":16,"column":7}},"4":{"start":{"line":15,"column":8},"end":{"line":15,"column":34}},"5":{"start":{"line":18,"column":6},"end":{"line":18,"column":23}},"6":{"start":{"line":23,"column":4},"end":{"line":23,"column":33}},"7":{"start":{"line":30,"column":4},"end":{"line":30,"column":25}}},"fnMap":{"0":{"name":"(anonymous_0)","decl":{"start":{"line":4,"column":2},"end":{"line":4,"column":3}},"loc":{"start":{"line":4,"column":48},"end":{"line":9,"column":3}},"line":4},"1":{"name":"(anonymous_1)","decl":{"start":{"line":11,"column":2},"end":{"line":11,"column":3}},"loc":{"start":{"line":11,"column":50},"end":{"line":20,"column":3}},"line":11},"2":{"name":"(anonymous_2)","decl":{"start":{"line":22,"column":2},"end":{"line":22,"column":3}},"loc":{"start":{"line":22,"column":39},"end":{"line":27,"column":3}},"line":22},"3":{"name":"(anonymous_3)","decl":{"start":{"line":29,"column":2},"end":{"line":29,"column":3}},"loc":{"start":{"line":29,"column":36},"end":{"line":37,"column":3}},"line":29}},"branchMap":{"0":{"loc":{"start":{"line":14,"column":6},"end":{"line":16,"column":7}},"type":"if","locations":[{"start":{"line":14,"column":6},"end":{"line":16,"column":7}},{"start":{},"end":{}}],"line":14}},"s":{"0":1,"1":2,"2":2,"3":2,"4":1,"5":0,"6":1,"7":1},"f":{"0":1,"1":2,"2":1,"3":1},"b":{"0":[1,1]},"_coverageSchema":"1a1c01bbd47fc00a2c39e90264f33305004495a9","hash":"b2319bd21e4918eec5c2247887f4e1415985a86c"}
}
