{"/Users/yashwantnaik/ReactNative/MyWordBook/App.tsx": {"path":"/Users/yashwantnaik/ReactNative/MyWordBook/App.tsx","statementMap":{"0":{"start":{"line":5,"column":12},"end":{"line":11,"column":1}},"1":{"start":{"line":6,"column":2},"end":{"line":10,"column":4}}},"fnMap":{"0":{"name":"(anonymous_0)","decl":{"start":{"line":5,"column":12},"end":{"line":5,"column":13}},"loc":{"start":{"line":5,"column":18},"end":{"line":11,"column":1}},"line":5}},"branchMap":{},"s":{"0":1,"1":1},"f":{"0":1},"b":{},"_coverageSchema":"1a1c01bbd47fc00a2c39e90264f33305004495a9","hash":"50b9177af3d728933b1a02e64e2a079e190f2cbd"}
,"/Users/yashwantnaik/ReactNative/MyWordBook/context/Auth.context.tsx": {"path":"/Users/yashwantnaik/ReactNative/MyWordBook/context/Auth.context.tsx","statementMap":{"0":{"start":{"line":6,"column":20},"end":{"line":10,"column":2}},"1":{"start":{"line":13,"column":18},"end":{"line":13,"column":41}},"2":{"start":{"line":14,"column":2},"end":{"line":16,"column":3}},"3":{"start":{"line":15,"column":4},"end":{"line":15,"column":57}},"4":{"start":{"line":17,"column":2},"end":{"line":17,"column":16}},"5":{"start":{"line":20,"column":28},"end":{"line":36,"column":1}},"6":{"start":{"line":21,"column":36},"end":{"line":21,"column":77}},"7":{"start":{"line":24,"column":4},"end":{"line":24,"column":23}},"8":{"start":{"line":25,"column":4},"end":{"line":25,"column":51}},"9":{"start":{"line":28,"column":16},"end":{"line":32,"column":3}},"10":{"start":{"line":33,"column":2},"end":{"line":35,"column":4}}},"fnMap":{"0":{"name":"(anonymous_0)","decl":{"start":{"line":8,"column":16},"end":{"line":8,"column":17}},"loc":{"start":{"line":8,"column":32},"end":{"line":8,"column":34}},"line":8},"1":{"name":"useAuth","decl":{"start":{"line":12,"column":16},"end":{"line":12,"column":23}},"loc":{"start":{"line":12,"column":31},"end":{"line":18,"column":1}},"line":12},"2":{"name":"(anonymous_2)","decl":{"start":{"line":20,"column":28},"end":{"line":20,"column":29}},"loc":{"start":{"line":20,"column":57},"end":{"line":36,"column":1}},"line":20},"3":{"name":"setAuthTokenContext","decl":{"start":{"line":23,"column":11},"end":{"line":23,"column":30}},"loc":{"start":{"line":23,"column":49},"end":{"line":26,"column":3}},"line":23}},"branchMap":{"0":{"loc":{"start":{"line":14,"column":2},"end":{"line":16,"column":3}},"type":"if","locations":[{"start":{"line":14,"column":2},"end":{"line":16,"column":3}},{"start":{},"end":{}}],"line":14}},"s":{"0":1,"1":1,"2":1,"3":0,"4":1,"5":1,"6":1,"7":0,"8":0,"9":1,"10":1},"f":{"0":0,"1":1,"2":1,"3":0},"b":{"0":[0,1]},"_coverageSchema":"1a1c01bbd47fc00a2c39e90264f33305004495a9","hash":"341448cdff63e5ac377d8f9dc5a7267ed1128d8c"}
,"/Users/yashwantnaik/ReactNative/MyWordBook/navigation/AuthNavigator.tsx": {"path":"/Users/yashwantnaik/ReactNative/MyWordBook/navigation/AuthNavigator.tsx","statementMap":{"0":{"start":{"line":8,"column":14},"end":{"line":8,"column":42}},"1":{"start":{"line":12,"column":2},"end":{"line":14,"column":9}},"2":{"start":{"line":13,"column":4},"end":{"line":13,"column":49}},"3":{"start":{"line":16,"column":2},"end":{"line":46,"column":4}}},"fnMap":{"0":{"name":"AuthNavigator","decl":{"start":{"line":10,"column":9},"end":{"line":10,"column":22}},"loc":{"start":{"line":10,"column":38},"end":{"line":47,"column":1}},"line":10},"1":{"name":"(anonymous_1)","decl":{"start":{"line":12,"column":12},"end":{"line":12,"column":13}},"loc":{"start":{"line":12,"column":18},"end":{"line":14,"column":3}},"line":12}},"branchMap":{},"s":{"0":1,"1":1,"2":1,"3":1},"f":{"0":1,"1":1},"b":{},"_coverageSchema":"1a1c01bbd47fc00a2c39e90264f33305004495a9","hash":"f5d74d25785900a8981041b9856a7f4384abdbe0"}
,"/Users/yashwantnaik/ReactNative/MyWordBook/navigation/HomeNavigator.tsx": {"path":"/Users/yashwantnaik/ReactNative/MyWordBook/navigation/HomeNavigator.tsx","statementMap":{"0":{"start":{"line":8,"column":14},"end":{"line":8,"column":42}},"1":{"start":{"line":11,"column":2},"end":{"line":13,"column":9}},"2":{"start":{"line":12,"column":4},"end":{"line":12,"column":49}},"3":{"start":{"line":15,"column":2},"end":{"line":39,"column":4}}},"fnMap":{"0":{"name":"HomeNavigator","decl":{"start":{"line":10,"column":9},"end":{"line":10,"column":22}},"loc":{"start":{"line":10,"column":38},"end":{"line":40,"column":1}},"line":10},"1":{"name":"(anonymous_1)","decl":{"start":{"line":11,"column":12},"end":{"line":11,"column":13}},"loc":{"start":{"line":11,"column":18},"end":{"line":13,"column":3}},"line":11}},"branchMap":{},"s":{"0":1,"1":0,"2":0,"3":0},"f":{"0":0,"1":0},"b":{},"_coverageSchema":"1a1c01bbd47fc00a2c39e90264f33305004495a9","hash":"8adce33d9853943155975211d890f78a9f5221c4"}
,"/Users/yashwantnaik/ReactNative/MyWordBook/navigation/RootNavigator.tsx": {"path":"/Users/yashwantnaik/ReactNative/MyWordBook/navigation/RootNavigator.tsx","statementMap":{"0":{"start":{"line":8,"column":30},"end":{"line":38,"column":1}},"1":{"start":{"line":9,"column":15},"end":{"line":9,"column":24}},"2":{"start":{"line":12,"column":4},"end":{"line":16,"column":6}},"3":{"start":{"line":20,"column":4},"end":{"line":24,"column":6}},"4":{"start":{"line":28,"column":4},"end":{"line":34,"column":6}},"5":{"start":{"line":37,"column":2},"end":{"line":37,"column":28}}},"fnMap":{"0":{"name":"(anonymous_0)","decl":{"start":{"line":8,"column":30},"end":{"line":8,"column":31}},"loc":{"start":{"line":8,"column":49},"end":{"line":38,"column":1}},"line":8},"1":{"name":"unAuthenticated","decl":{"start":{"line":11,"column":11},"end":{"line":11,"column":26}},"loc":{"start":{"line":11,"column":34},"end":{"line":17,"column":3}},"line":11},"2":{"name":"authenticated","decl":{"start":{"line":19,"column":11},"end":{"line":19,"column":24}},"loc":{"start":{"line":19,"column":32},"end":{"line":25,"column":3}},"line":19},"3":{"name":"renderNavigation","decl":{"start":{"line":27,"column":11},"end":{"line":27,"column":27}},"loc":{"start":{"line":27,"column":43},"end":{"line":35,"column":3}},"line":27}},"branchMap":{"0":{"loc":{"start":{"line":30,"column":9},"end":{"line":30,"column":51}},"type":"binary-expr","locations":[{"start":{"line":30,"column":9},"end":{"line":30,"column":30}},{"start":{"line":30,"column":34},"end":{"line":30,"column":51}}],"line":30},"1":{"loc":{"start":{"line":32,"column":9},"end":{"line":32,"column":48}},"type":"binary-expr","locations":[{"start":{"line":32,"column":9},"end":{"line":32,"column":29}},{"start":{"line":32,"column":33},"end":{"line":32,"column":48}}],"line":32}},"s":{"0":1,"1":1,"2":1,"3":0,"4":1,"5":1},"f":{"0":1,"1":1,"2":0,"3":1},"b":{"0":[1,1],"1":[1,0]},"_coverageSchema":"1a1c01bbd47fc00a2c39e90264f33305004495a9","hash":"20e4442e7ceca2ee6bfa9664f0dc8c09b99ffd14"}
,"/Users/yashwantnaik/ReactNative/MyWordBook/navigation/TabNavigator.tsx": {"path":"/Users/yashwantnaik/ReactNative/MyWordBook/navigation/TabNavigator.tsx","statementMap":{"0":{"start":{"line":9,"column":21},"end":{"line":59,"column":1}},"1":{"start":{"line":10,"column":14},"end":{"line":10,"column":40}},"2":{"start":{"line":12,"column":2},"end":{"line":14,"column":9}},"3":{"start":{"line":13,"column":4},"end":{"line":13,"column":49}},"4":{"start":{"line":16,"column":2},"end":{"line":58,"column":4}},"5":{"start":{"line":21,"column":39},"end":{"line":27,"column":11}},"6":{"start":{"line":32,"column":42},"end":{"line":32,"column":85}},"7":{"start":{"line":34,"column":16},"end":{"line":37,"column":18}},"8":{"start":{"line":45,"column":42},"end":{"line":45,"column":87}},"9":{"start":{"line":47,"column":16},"end":{"line":50,"column":18}},"10":{"start":{"line":61,"column":15},"end":{"line":72,"column":2}}},"fnMap":{"0":{"name":"(anonymous_0)","decl":{"start":{"line":9,"column":21},"end":{"line":9,"column":22}},"loc":{"start":{"line":9,"column":40},"end":{"line":59,"column":1}},"line":9},"1":{"name":"(anonymous_1)","decl":{"start":{"line":12,"column":12},"end":{"line":12,"column":13}},"loc":{"start":{"line":12,"column":18},"end":{"line":14,"column":3}},"line":12},"2":{"name":"(anonymous_2)","decl":{"start":{"line":21,"column":25},"end":{"line":21,"column":26}},"loc":{"start":{"line":21,"column":39},"end":{"line":27,"column":11}},"line":21},"3":{"name":"(anonymous_3)","decl":{"start":{"line":32,"column":27},"end":{"line":32,"column":28}},"loc":{"start":{"line":32,"column":42},"end":{"line":32,"column":85}},"line":32},"4":{"name":"(anonymous_4)","decl":{"start":{"line":33,"column":26},"end":{"line":33,"column":27}},"loc":{"start":{"line":34,"column":16},"end":{"line":37,"column":18}},"line":34},"5":{"name":"(anonymous_5)","decl":{"start":{"line":45,"column":27},"end":{"line":45,"column":28}},"loc":{"start":{"line":45,"column":42},"end":{"line":45,"column":87}},"line":45},"6":{"name":"(anonymous_6)","decl":{"start":{"line":46,"column":26},"end":{"line":46,"column":27}},"loc":{"start":{"line":47,"column":16},"end":{"line":50,"column":18}},"line":47}},"branchMap":{"0":{"loc":{"start":{"line":35,"column":26},"end":{"line":35,"column":69}},"type":"cond-expr","locations":[{"start":{"line":35,"column":36},"end":{"line":35,"column":55}},{"start":{"line":35,"column":58},"end":{"line":35,"column":69}}],"line":35},"1":{"loc":{"start":{"line":48,"column":26},"end":{"line":48,"column":73}},"type":"cond-expr","locations":[{"start":{"line":48,"column":36},"end":{"line":48,"column":57}},{"start":{"line":48,"column":60},"end":{"line":48,"column":73}}],"line":48}},"s":{"0":1,"1":0,"2":0,"3":0,"4":0,"5":0,"6":0,"7":0,"8":0,"9":0,"10":1},"f":{"0":0,"1":0,"2":0,"3":0,"4":0,"5":0,"6":0},"b":{"0":[0,0],"1":[0,0]},"_coverageSchema":"1a1c01bbd47fc00a2c39e90264f33305004495a9","hash":"68df55c0d68080f391407ff2f88b6749fdc59a87"}
,"/Users/yashwantnaik/ReactNative/MyWordBook/networking/NetworkManager.ts": {"path":"/Users/yashwantnaik/ReactNative/MyWordBook/networking/NetworkManager.ts","statementMap":{"0":{"start":{"line":1,"column":23},"end":{"line":29,"column":1}},"1":{"start":{"line":6,"column":16},"end":{"line":6,"column":65}},"2":{"start":{"line":8,"column":2},"end":{"line":28,"column":3}},"3":{"start":{"line":10,"column":21},"end":{"line":12,"column":6}},"4":{"start":{"line":14,"column":4},"end":{"line":23,"column":5}},"5":{"start":{"line":16,"column":6},"end":{"line":22,"column":7}},"6":{"start":{"line":17,"column":21},"end":{"line":17,"column":42}},"7":{"start":{"line":19,"column":8},"end":{"line":19,"column":21}},"8":{"start":{"line":20,"column":13},"end":{"line":22,"column":7}},"9":{"start":{"line":21,"column":8},"end":{"line":21,"column":28}},"10":{"start":{"line":25,"column":4},"end":{"line":25,"column":39}},"11":{"start":{"line":27,"column":4},"end":{"line":27,"column":18}}},"fnMap":{"0":{"name":"(anonymous_0)","decl":{"start":{"line":1,"column":23},"end":{"line":1,"column":24}},"loc":{"start":{"line":5,"column":5},"end":{"line":29,"column":1}},"line":5}},"branchMap":{"0":{"loc":{"start":{"line":14,"column":4},"end":{"line":23,"column":5}},"type":"if","locations":[{"start":{"line":14,"column":4},"end":{"line":23,"column":5}},{"start":{},"end":{}}],"line":14},"1":{"loc":{"start":{"line":16,"column":6},"end":{"line":22,"column":7}},"type":"if","locations":[{"start":{"line":16,"column":6},"end":{"line":22,"column":7}},{"start":{"line":20,"column":13},"end":{"line":22,"column":7}}],"line":16},"2":{"loc":{"start":{"line":20,"column":13},"end":{"line":22,"column":7}},"type":"if","locations":[{"start":{"line":20,"column":13},"end":{"line":22,"column":7}},{"start":{},"end":{}}],"line":20}},"s":{"0":2,"1":1,"2":1,"3":1,"4":0,"5":0,"6":0,"7":0,"8":0,"9":0,"10":1,"11":1},"f":{"0":1},"b":{"0":[0,0],"1":[0,0],"2":[0,0]},"_coverageSchema":"1a1c01bbd47fc00a2c39e90264f33305004495a9","hash":"d3cc40a375311ad1a9f7ef497ef07f9367ce9e3e"}
,"/Users/yashwantnaik/ReactNative/MyWordBook/src/assets/images/arrow.png": {"path":"/Users/yashwantnaik/ReactNative/MyWordBook/src/assets/images/arrow.png","statementMap":{"0":{"start":{"line":1,"column":0},"end":{"line":4,"column":6}}},"fnMap":{},"branchMap":{},"s":{"0":1},"f":{},"b":{},"_coverageSchema":"1a1c01bbd47fc00a2c39e90264f33305004495a9","hash":"55d8e4a917990edc37c5ca65ea341dc66e950482"}
,"/Users/yashwantnaik/ReactNative/MyWordBook/src/assets/images/girlWithBook.png": {"path":"/Users/yashwantnaik/ReactNative/MyWordBook/src/assets/images/girlWithBook.png","statementMap":{"0":{"start":{"line":1,"column":0},"end":{"line":4,"column":6}}},"fnMap":{},"branchMap":{},"s":{"0":1},"f":{},"b":{},"_coverageSchema":"1a1c01bbd47fc00a2c39e90264f33305004495a9","hash":"d96ca6d42f1a6fc78a3536c9c4d4be801254a66b"}
,"/Users/yashwantnaik/ReactNative/MyWordBook/src/assets/images/home-selected.png": {"path":"/Users/yashwantnaik/ReactNative/MyWordBook/src/assets/images/home-selected.png","statementMap":{"0":{"start":{"line":1,"column":0},"end":{"line":4,"column":6}}},"fnMap":{},"branchMap":{},"s":{"0":1},"f":{},"b":{},"_coverageSchema":"1a1c01bbd47fc00a2c39e90264f33305004495a9","hash":"56da870f115df8c65449ba7046fedbb0abdd1fd1"}
,"/Users/yashwantnaik/ReactNative/MyWordBook/src/assets/images/home.png": {"path":"/Users/yashwantnaik/ReactNative/MyWordBook/src/assets/images/home.png","statementMap":{"0":{"start":{"line":1,"column":0},"end":{"line":4,"column":6}}},"fnMap":{},"branchMap":{},"s":{"0":1},"f":{},"b":{},"_coverageSchema":"1a1c01bbd47fc00a2c39e90264f33305004495a9","hash":"e5426eee4c320ee9dbf742891785cdd4661337ae"}
,"/Users/yashwantnaik/ReactNative/MyWordBook/src/assets/images/search-selected.png": {"path":"/Users/yashwantnaik/ReactNative/MyWordBook/src/assets/images/search-selected.png","statementMap":{"0":{"start":{"line":1,"column":0},"end":{"line":4,"column":6}}},"fnMap":{},"branchMap":{},"s":{"0":1},"f":{},"b":{},"_coverageSchema":"1a1c01bbd47fc00a2c39e90264f33305004495a9","hash":"4824963ae31ec4c774eab1ee9836e2d77ed77aa0"}
,"/Users/yashwantnaik/ReactNative/MyWordBook/src/assets/images/search.png": {"path":"/Users/yashwantnaik/ReactNative/MyWordBook/src/assets/images/search.png","statementMap":{"0":{"start":{"line":1,"column":0},"end":{"line":4,"column":6}}},"fnMap":{},"branchMap":{},"s":{"0":1},"f":{},"b":{},"_coverageSchema":"1a1c01bbd47fc00a2c39e90264f33305004495a9","hash":"e02c64971e67fb94f28c9054a405700af648bb1a"}
,"/Users/yashwantnaik/ReactNative/MyWordBook/src/components/button/PrimaryButton.tsx": {"path":"/Users/yashwantnaik/ReactNative/MyWordBook/src/components/button/PrimaryButton.tsx","statementMap":{"0":{"start":{"line":15,"column":22},"end":{"line":38,"column":1}},"1":{"start":{"line":23,"column":2},"end":{"line":37,"column":4}},"2":{"start":{"line":40,"column":15},"end":{"line":59,"column":4}}},"fnMap":{"0":{"name":"(anonymous_0)","decl":{"start":{"line":15,"column":22},"end":{"line":15,"column":23}},"loc":{"start":{"line":21,"column":45},"end":{"line":38,"column":1}},"line":21}},"branchMap":{"0":{"loc":{"start":{"line":18,"column":2},"end":{"line":18,"column":16}},"type":"default-arg","locations":[{"start":{"line":18,"column":14},"end":{"line":18,"column":16}}],"line":18},"1":{"loc":{"start":{"line":19,"column":2},"end":{"line":19,"column":18}},"type":"default-arg","locations":[{"start":{"line":19,"column":13},"end":{"line":19,"column":18}}],"line":19},"2":{"loc":{"start":{"line":20,"column":2},"end":{"line":20,"column":16}},"type":"default-arg","locations":[{"start":{"line":20,"column":10},"end":{"line":20,"column":16}}],"line":20}},"s":{"0":1,"1":1,"2":1},"f":{"0":1},"b":{"0":[0],"1":[1],"2":[1]},"_coverageSchema":"1a1c01bbd47fc00a2c39e90264f33305004495a9","hash":"e8273c8cb217f919141ec9f5c1640fa741247872"}
,"/Users/yashwantnaik/ReactNative/MyWordBook/src/components/card/Form.tsx": {"path":"/Users/yashwantnaik/ReactNative/MyWordBook/src/components/card/Form.tsx","statementMap":{"0":{"start":{"line":11,"column":22},"end":{"line":60,"column":1}},"1":{"start":{"line":12,"column":17},"end":{"line":12,"column":45}},"2":{"start":{"line":13,"column":2},"end":{"line":59,"column":3}},"3":{"start":{"line":22,"column":10},"end":{"line":46,"column":11}},"4":{"start":{"line":27,"column":41},"end":{"line":27,"column":80}}},"fnMap":{"0":{"name":"(anonymous_0)","decl":{"start":{"line":11,"column":22},"end":{"line":11,"column":23}},"loc":{"start":{"line":11,"column":31},"end":{"line":60,"column":1}},"line":11},"1":{"name":"(anonymous_1)","decl":{"start":{"line":21,"column":46},"end":{"line":21,"column":47}},"loc":{"start":{"line":21,"column":61},"end":{"line":47,"column":9}},"line":21},"2":{"name":"(anonymous_2)","decl":{"start":{"line":27,"column":30},"end":{"line":27,"column":31}},"loc":{"start":{"line":27,"column":39},"end":{"line":27,"column":82}},"line":27}},"branchMap":{"0":{"loc":{"start":{"line":17,"column":51},"end":{"line":17,"column":75}},"type":"cond-expr","locations":[{"start":{"line":17,"column":66},"end":{"line":17,"column":69}},{"start":{"line":17,"column":72},"end":{"line":17,"column":75}}],"line":17},"1":{"loc":{"start":{"line":39,"column":17},"end":{"line":43,"column":24}},"type":"cond-expr","locations":[{"start":{"line":41,"column":20},"end":{"line":41,"column":78}},{"start":{"line":43,"column":20},"end":{"line":43,"column":24}}],"line":39}},"s":{"0":1,"1":0,"2":0,"3":0,"4":0},"f":{"0":0,"1":0,"2":0},"b":{"0":[0,0],"1":[0,0]},"_coverageSchema":"1a1c01bbd47fc00a2c39e90264f33305004495a9","hash":"e53c85f2ea2de02c7bc28232192a6c02a8da7910"}
,"/Users/yashwantnaik/ReactNative/MyWordBook/src/components/card/styles.ts": {"path":"/Users/yashwantnaik/ReactNative/MyWordBook/src/components/card/styles.ts","statementMap":{"0":{"start":{"line":4,"column":24},"end":{"line":4,"column":55}},"1":{"start":{"line":6,"column":25},"end":{"line":65,"column":4}},"2":{"start":{"line":7,"column":2},"end":{"line":65,"column":4}}},"fnMap":{"0":{"name":"(anonymous_0)","decl":{"start":{"line":6,"column":25},"end":{"line":6,"column":26}},"loc":{"start":{"line":7,"column":2},"end":{"line":65,"column":4}},"line":7}},"branchMap":{"0":{"loc":{"start":{"line":6,"column":26},"end":{"line":6,"column":48}},"type":"default-arg","locations":[{"start":{"line":6,"column":44},"end":{"line":6,"column":48}}],"line":6},"1":{"loc":{"start":{"line":13,"column":14},"end":{"line":13,"column":45}},"type":"cond-expr","locations":[{"start":{"line":13,"column":38},"end":{"line":13,"column":40}},{"start":{"line":13,"column":43},"end":{"line":13,"column":45}}],"line":13},"2":{"loc":{"start":{"line":22,"column":16},"end":{"line":22,"column":47}},"type":"cond-expr","locations":[{"start":{"line":22,"column":40},"end":{"line":22,"column":42}},{"start":{"line":22,"column":45},"end":{"line":22,"column":47}}],"line":22},"3":{"loc":{"start":{"line":31,"column":16},"end":{"line":31,"column":47}},"type":"cond-expr","locations":[{"start":{"line":31,"column":40},"end":{"line":31,"column":42}},{"start":{"line":31,"column":45},"end":{"line":31,"column":47}}],"line":31},"4":{"loc":{"start":{"line":61,"column":16},"end":{"line":61,"column":47}},"type":"cond-expr","locations":[{"start":{"line":61,"column":40},"end":{"line":61,"column":42}},{"start":{"line":61,"column":45},"end":{"line":61,"column":47}}],"line":61}},"s":{"0":1,"1":1,"2":0},"f":{"0":0},"b":{"0":[0],"1":[0,0],"2":[0,0],"3":[0,0],"4":[0,0]},"_coverageSchema":"1a1c01bbd47fc00a2c39e90264f33305004495a9","hash":"036d4239642127ce7ed33e2e59c1cbc7b0a655fd"}
,"/Users/yashwantnaik/ReactNative/MyWordBook/src/components/items/NavigationItem.tsx": {"path":"/Users/yashwantnaik/ReactNative/MyWordBook/src/components/items/NavigationItem.tsx","statementMap":{"0":{"start":{"line":6,"column":23},"end":{"line":21,"column":1}},"1":{"start":{"line":7,"column":2},"end":{"line":20,"column":4}},"2":{"start":{"line":23,"column":15},"end":{"line":55,"column":2}}},"fnMap":{"0":{"name":"(anonymous_0)","decl":{"start":{"line":6,"column":23},"end":{"line":6,"column":24}},"loc":{"start":{"line":6,"column":60},"end":{"line":21,"column":1}},"line":6}},"branchMap":{},"s":{"0":1,"1":0,"2":1},"f":{"0":0},"b":{},"_coverageSchema":"1a1c01bbd47fc00a2c39e90264f33305004495a9","hash":"925793d520268a7d35bf67869ee8aa4ec5627da0"}
,"/Users/yashwantnaik/ReactNative/MyWordBook/src/components/loader/Loader.tsx": {"path":"/Users/yashwantnaik/ReactNative/MyWordBook/src/components/loader/Loader.tsx","statementMap":{"0":{"start":{"line":11,"column":15},"end":{"line":32,"column":1}},"1":{"start":{"line":12,"column":2},"end":{"line":31,"column":3}},"2":{"start":{"line":34,"column":15},"end":{"line":60,"column":2}}},"fnMap":{"0":{"name":"(anonymous_0)","decl":{"start":{"line":11,"column":15},"end":{"line":11,"column":16}},"loc":{"start":{"line":11,"column":52},"end":{"line":32,"column":1}},"line":11},"1":{"name":"(anonymous_1)","decl":{"start":{"line":19,"column":22},"end":{"line":19,"column":23}},"loc":{"start":{"line":19,"column":28},"end":{"line":19,"column":31}},"line":19}},"branchMap":{},"s":{"0":1,"1":0,"2":1},"f":{"0":0,"1":0},"b":{},"_coverageSchema":"1a1c01bbd47fc00a2c39e90264f33305004495a9","hash":"a16af1483643519856d8a60c97d05ee102023ec6"}
,"/Users/yashwantnaik/ReactNative/MyWordBook/src/constants/Colors.constant.ts": {"path":"/Users/yashwantnaik/ReactNative/MyWordBook/src/constants/Colors.constant.ts","statementMap":{"0":{"start":{"line":1,"column":22},"end":{"line":14,"column":3}}},"fnMap":{},"branchMap":{},"s":{"0":1},"f":{},"b":{},"_coverageSchema":"1a1c01bbd47fc00a2c39e90264f33305004495a9","hash":"0a05e41cda967e4688cd8579bf8c362df6df20bf"}
,"/Users/yashwantnaik/ReactNative/MyWordBook/src/constants/Images.constant.ts": {"path":"/Users/yashwantnaik/ReactNative/MyWordBook/src/constants/Images.constant.ts","statementMap":{"0":{"start":{"line":1,"column":15},"end":{"line":8,"column":1}}},"fnMap":{},"branchMap":{},"s":{"0":1},"f":{},"b":{},"_coverageSchema":"1a1c01bbd47fc00a2c39e90264f33305004495a9","hash":"2c3724aade8ce9dd19c1715be269f16ba867d2f3"}
,"/Users/yashwantnaik/ReactNative/MyWordBook/src/modules/auth/LogIn.tsx": {"path":"/Users/yashwantnaik/ReactNative/MyWordBook/src/modules/auth/LogIn.tsx","statementMap":{"0":{"start":{"line":26,"column":20},"end":{"line":127,"column":1}},"1":{"start":{"line":27,"column":46},"end":{"line":27,"column":61}},"2":{"start":{"line":28,"column":16},"end":{"line":28,"column":48}},"3":{"start":{"line":30,"column":29},"end":{"line":32,"column":3}},"4":{"start":{"line":31,"column":4},"end":{"line":31,"column":27}},"5":{"start":{"line":34,"column":57},"end":{"line":37,"column":3}},"6":{"start":{"line":39,"column":15},"end":{"line":39,"column":24}},"7":{"start":{"line":40,"column":17},"end":{"line":40,"column":45}},"8":{"start":{"line":42,"column":2},"end":{"line":46,"column":9}},"9":{"start":{"line":43,"column":4},"end":{"line":45,"column":5}},"10":{"start":{"line":44,"column":6},"end":{"line":44,"column":59}},"11":{"start":{"line":50,"column":4},"end":{"line":50,"column":35}},"12":{"start":{"line":55,"column":6},"end":{"line":55,"column":29}},"13":{"start":{"line":56,"column":6},"end":{"line":59,"column":15}},"14":{"start":{"line":57,"column":8},"end":{"line":57,"column":32}},"15":{"start":{"line":58,"column":8},"end":{"line":58,"column":34}},"16":{"start":{"line":63,"column":4},"end":{"line":70,"column":5}},"17":{"start":{"line":65,"column":8},"end":{"line":65,"column":47}},"18":{"start":{"line":66,"column":8},"end":{"line":66,"column":14}},"19":{"start":{"line":68,"column":8},"end":{"line":68,"column":50}},"20":{"start":{"line":69,"column":8},"end":{"line":69,"column":14}},"21":{"start":{"line":73,"column":23},"end":{"line":88,"column":3}},"22":{"start":{"line":89,"column":21},"end":{"line":91,"column":3}},"23":{"start":{"line":93,"column":20},"end":{"line":98,"column":3}},"24":{"start":{"line":100,"column":2},"end":{"line":126,"column":4}}},"fnMap":{"0":{"name":"(anonymous_0)","decl":{"start":{"line":26,"column":20},"end":{"line":26,"column":21}},"loc":{"start":{"line":26,"column":39},"end":{"line":127,"column":1}},"line":26},"1":{"name":"(anonymous_1)","decl":{"start":{"line":30,"column":29},"end":{"line":30,"column":30}},"loc":{"start":{"line":30,"column":41},"end":{"line":32,"column":3}},"line":30},"2":{"name":"(anonymous_2)","decl":{"start":{"line":42,"column":12},"end":{"line":42,"column":13}},"loc":{"start":{"line":42,"column":18},"end":{"line":46,"column":3}},"line":42},"3":{"name":"didPressedForGotPassword","decl":{"start":{"line":49,"column":11},"end":{"line":49,"column":35}},"loc":{"start":{"line":49,"column":44},"end":{"line":52,"column":3}},"line":49},"4":{"name":"submitLoginApiRequest","decl":{"start":{"line":54,"column":11},"end":{"line":54,"column":32}},"loc":{"start":{"line":54,"column":41},"end":{"line":60,"column":3}},"line":54},"5":{"name":"(anonymous_5)","decl":{"start":{"line":56,"column":17},"end":{"line":56,"column":18}},"loc":{"start":{"line":56,"column":23},"end":{"line":59,"column":7}},"line":56},"6":{"name":"inputValueHandler","decl":{"start":{"line":62,"column":11},"end":{"line":62,"column":28}},"loc":{"start":{"line":62,"column":70},"end":{"line":71,"column":3}},"line":62}},"branchMap":{"0":{"loc":{"start":{"line":43,"column":4},"end":{"line":45,"column":5}},"type":"if","locations":[{"start":{"line":43,"column":4},"end":{"line":45,"column":5}},{"start":{},"end":{}}],"line":43},"1":{"loc":{"start":{"line":63,"column":4},"end":{"line":70,"column":5}},"type":"switch","locations":[{"start":{"line":64,"column":6},"end":{"line":66,"column":14}},{"start":{"line":67,"column":6},"end":{"line":69,"column":14}}],"line":63}},"s":{"0":1,"1":0,"2":0,"3":0,"4":0,"5":0,"6":0,"7":0,"8":0,"9":0,"10":0,"11":0,"12":0,"13":0,"14":0,"15":0,"16":0,"17":0,"18":0,"19":0,"20":0,"21":0,"22":0,"23":0,"24":0},"f":{"0":0,"1":0,"2":0,"3":0,"4":0,"5":0,"6":0},"b":{"0":[0,0],"1":[0,0]},"_coverageSchema":"1a1c01bbd47fc00a2c39e90264f33305004495a9","hash":"540fd77da3637109d99d93bf1cf08641256bebde"}
,"/Users/yashwantnaik/ReactNative/MyWordBook/src/modules/auth/hooks/useValidationInfo.ts": {"path":"/Users/yashwantnaik/ReactNative/MyWordBook/src/modules/auth/hooks/useValidationInfo.ts","statementMap":{"0":{"start":{"line":5,"column":19},"end":{"line":5,"column":46}},"1":{"start":{"line":6,"column":4},"end":{"line":6,"column":77}},"2":{"start":{"line":7,"column":4},"end":{"line":11,"column":5}},"3":{"start":{"line":8,"column":6},"end":{"line":8,"column":37}},"4":{"start":{"line":9,"column":11},"end":{"line":11,"column":5}},"5":{"start":{"line":10,"column":6},"end":{"line":10,"column":47}},"6":{"start":{"line":12,"column":4},"end":{"line":12,"column":83}},"7":{"start":{"line":13,"column":4},"end":{"line":17,"column":5}},"8":{"start":{"line":14,"column":6},"end":{"line":14,"column":46}},"9":{"start":{"line":15,"column":11},"end":{"line":17,"column":5}},"10":{"start":{"line":16,"column":6},"end":{"line":16,"column":67}},"11":{"start":{"line":18,"column":4},"end":{"line":18,"column":17}}},"fnMap":{"0":{"name":"validateLoginInfo","decl":{"start":{"line":1,"column":24},"end":{"line":1,"column":41}},"loc":{"start":{"line":4,"column":4},"end":{"line":19,"column":3}},"line":4}},"branchMap":{"0":{"loc":{"start":{"line":7,"column":4},"end":{"line":11,"column":5}},"type":"if","locations":[{"start":{"line":7,"column":4},"end":{"line":11,"column":5}},{"start":{"line":9,"column":11},"end":{"line":11,"column":5}}],"line":7},"1":{"loc":{"start":{"line":9,"column":11},"end":{"line":11,"column":5}},"type":"if","locations":[{"start":{"line":9,"column":11},"end":{"line":11,"column":5}},{"start":{},"end":{}}],"line":9},"2":{"loc":{"start":{"line":13,"column":4},"end":{"line":17,"column":5}},"type":"if","locations":[{"start":{"line":13,"column":4},"end":{"line":17,"column":5}},{"start":{"line":15,"column":11},"end":{"line":17,"column":5}}],"line":13},"3":{"loc":{"start":{"line":15,"column":11},"end":{"line":17,"column":5}},"type":"if","locations":[{"start":{"line":15,"column":11},"end":{"line":17,"column":5}},{"start":{},"end":{}}],"line":15}},"s":{"0":0,"1":0,"2":0,"3":0,"4":0,"5":0,"6":0,"7":0,"8":0,"9":0,"10":0,"11":0},"f":{"0":0},"b":{"0":[0,0],"1":[0,0],"2":[0,0],"3":[0,0]},"_coverageSchema":"1a1c01bbd47fc00a2c39e90264f33305004495a9","hash":"0ddaaeec4365dc8c4cbc6c733a08c59f58d84ba9"}
,"/Users/yashwantnaik/ReactNative/MyWordBook/src/modules/auth/hooks/useValidatorForm.ts": {"path":"/Users/yashwantnaik/ReactNative/MyWordBook/src/modules/auth/hooks/useValidatorForm.ts","statementMap":{"0":{"start":{"line":3,"column":25},"end":{"line":41,"column":1}},"1":{"start":{"line":4,"column":30},"end":{"line":7,"column":4}},"2":{"start":{"line":9,"column":30},"end":{"line":12,"column":4}},"3":{"start":{"line":13,"column":42},"end":{"line":13,"column":57}},"4":{"start":{"line":15,"column":23},"end":{"line":21,"column":3}},"5":{"start":{"line":16,"column":28},"end":{"line":16,"column":29}},"6":{"start":{"line":17,"column":4},"end":{"line":20,"column":6}},"7":{"start":{"line":23,"column":23},"end":{"line":27,"column":3}},"8":{"start":{"line":24,"column":4},"end":{"line":24,"column":62}},"9":{"start":{"line":25,"column":4},"end":{"line":25,"column":31}},"10":{"start":{"line":26,"column":4},"end":{"line":26,"column":25}},"11":{"start":{"line":29,"column":2},"end":{"line":38,"column":14}},"12":{"start":{"line":30,"column":4},"end":{"line":37,"column":5}},"13":{"start":{"line":35,"column":6},"end":{"line":35,"column":52}},"14":{"start":{"line":36,"column":6},"end":{"line":36,"column":29}},"15":{"start":{"line":40,"column":2},"end":{"line":40,"column":55}}},"fnMap":{"0":{"name":"(anonymous_0)","decl":{"start":{"line":3,"column":25},"end":{"line":3,"column":26}},"loc":{"start":{"line":3,"column":77},"end":{"line":41,"column":1}},"line":3},"1":{"name":"(anonymous_1)","decl":{"start":{"line":15,"column":23},"end":{"line":15,"column":24}},"loc":{"start":{"line":15,"column":41},"end":{"line":21,"column":3}},"line":15},"2":{"name":"(anonymous_2)","decl":{"start":{"line":23,"column":23},"end":{"line":23,"column":24}},"loc":{"start":{"line":23,"column":35},"end":{"line":27,"column":3}},"line":23},"3":{"name":"(anonymous_3)","decl":{"start":{"line":29,"column":12},"end":{"line":29,"column":13}},"loc":{"start":{"line":29,"column":18},"end":{"line":38,"column":3}},"line":29}},"branchMap":{"0":{"loc":{"start":{"line":30,"column":4},"end":{"line":37,"column":5}},"type":"if","locations":[{"start":{"line":30,"column":4},"end":{"line":37,"column":5}},{"start":{},"end":{}}],"line":30},"1":{"loc":{"start":{"line":31,"column":6},"end":{"line":33,"column":18}},"type":"binary-expr","locations":[{"start":{"line":31,"column":6},"end":{"line":31,"column":31}},{"start":{"line":32,"column":6},"end":{"line":32,"column":34}},{"start":{"line":33,"column":6},"end":{"line":33,"column":18}}],"line":31}},"s":{"0":1,"1":0,"2":0,"3":0,"4":0,"5":0,"6":0,"7":0,"8":0,"9":0,"10":0,"11":0,"12":0,"13":0,"14":0,"15":0},"f":{"0":0,"1":0,"2":0,"3":0},"b":{"0":[0,0],"1":[0,0,0]},"_coverageSchema":"1a1c01bbd47fc00a2c39e90264f33305004495a9","hash":"c53cd2f9badd25f0ed40f5fefff7e5f7412400c8"}
,"/Users/yashwantnaik/ReactNative/MyWordBook/src/modules/auth/styles/styles.ts": {"path":"/Users/yashwantnaik/ReactNative/MyWordBook/src/modules/auth/styles/styles.ts","statementMap":{"0":{"start":{"line":4,"column":22},"end":{"line":34,"column":2}}},"fnMap":{},"branchMap":{},"s":{"0":1},"f":{},"b":{},"_coverageSchema":"1a1c01bbd47fc00a2c39e90264f33305004495a9","hash":"ac36da8c25ff313c38223c77f704420d3b9498f2"}
,"/Users/yashwantnaik/ReactNative/MyWordBook/src/modules/entry/WelcomeScreen.tsx": {"path":"/Users/yashwantnaik/ReactNative/MyWordBook/src/modules/entry/WelcomeScreen.tsx","statementMap":{"0":{"start":{"line":9,"column":22},"end":{"line":48,"column":1}},"1":{"start":{"line":11,"column":26},"end":{"line":11,"column":67}},"2":{"start":{"line":13,"column":2},"end":{"line":19,"column":9}},"3":{"start":{"line":14,"column":4},"end":{"line":18,"column":7}},"4":{"start":{"line":15,"column":6},"end":{"line":17,"column":7}},"5":{"start":{"line":16,"column":8},"end":{"line":16,"column":21}},"6":{"start":{"line":22,"column":17},"end":{"line":22,"column":62}},"7":{"start":{"line":23,"column":4},"end":{"line":25,"column":5}},"8":{"start":{"line":24,"column":6},"end":{"line":24,"column":17}},"9":{"start":{"line":26,"column":4},"end":{"line":26,"column":20}},"10":{"start":{"line":29,"column":29},"end":{"line":33,"column":3}},"11":{"start":{"line":30,"column":4},"end":{"line":32,"column":6}},"12":{"start":{"line":35,"column":2},"end":{"line":47,"column":4}},"13":{"start":{"line":52,"column":15},"end":{"line":87,"column":2}}},"fnMap":{"0":{"name":"(anonymous_0)","decl":{"start":{"line":9,"column":22},"end":{"line":9,"column":23}},"loc":{"start":{"line":9,"column":40},"end":{"line":48,"column":1}},"line":9},"1":{"name":"(anonymous_1)","decl":{"start":{"line":13,"column":12},"end":{"line":13,"column":13}},"loc":{"start":{"line":13,"column":18},"end":{"line":19,"column":3}},"line":13},"2":{"name":"(anonymous_2)","decl":{"start":{"line":14,"column":35},"end":{"line":14,"column":36}},"loc":{"start":{"line":14,"column":44},"end":{"line":18,"column":5}},"line":14},"3":{"name":"checkUserAuthentication","decl":{"start":{"line":21,"column":17},"end":{"line":21,"column":40}},"loc":{"start":{"line":21,"column":70},"end":{"line":27,"column":3}},"line":21},"4":{"name":"(anonymous_4)","decl":{"start":{"line":29,"column":29},"end":{"line":29,"column":30}},"loc":{"start":{"line":29,"column":35},"end":{"line":33,"column":3}},"line":29}},"branchMap":{"0":{"loc":{"start":{"line":15,"column":6},"end":{"line":17,"column":7}},"type":"if","locations":[{"start":{"line":15,"column":6},"end":{"line":17,"column":7}},{"start":{},"end":{}}],"line":15},"1":{"loc":{"start":{"line":23,"column":4},"end":{"line":25,"column":5}},"type":"if","locations":[{"start":{"line":23,"column":4},"end":{"line":25,"column":5}},{"start":{},"end":{}}],"line":23},"2":{"loc":{"start":{"line":23,"column":7},"end":{"line":23,"column":34}},"type":"binary-expr","locations":[{"start":{"line":23,"column":7},"end":{"line":23,"column":17}},{"start":{"line":23,"column":21},"end":{"line":23,"column":34}}],"line":23}},"s":{"0":1,"1":1,"2":1,"3":1,"4":0,"5":0,"6":1,"7":1,"8":0,"9":0,"10":1,"11":0,"12":1,"13":1},"f":{"0":1,"1":1,"2":0,"3":1,"4":0},"b":{"0":[0,0],"1":[0,0],"2":[1,0]},"_coverageSchema":"1a1c01bbd47fc00a2c39e90264f33305004495a9","hash":"a4eba01115b6177df0871aa732a00e30829f85af"}
,"/Users/yashwantnaik/ReactNative/MyWordBook/src/modules/home/HomeScreen.tsx": {"path":"/Users/yashwantnaik/ReactNative/MyWordBook/src/modules/home/HomeScreen.tsx","statementMap":{"0":{"start":{"line":8,"column":19},"end":{"line":54,"column":1}},"1":{"start":{"line":11,"column":25},"end":{"line":14,"column":3}},"2":{"start":{"line":12,"column":4},"end":{"line":12,"column":38}},"3":{"start":{"line":13,"column":4},"end":{"line":13,"column":50}},"4":{"start":{"line":16,"column":26},"end":{"line":18,"column":3}},"5":{"start":{"line":17,"column":4},"end":{"line":17,"column":68}},"6":{"start":{"line":20,"column":26},"end":{"line":26,"column":3}},"7":{"start":{"line":21,"column":4},"end":{"line":25,"column":6}},"8":{"start":{"line":28,"column":21},"end":{"line":40,"column":3}},"9":{"start":{"line":29,"column":4},"end":{"line":39,"column":6}},"10":{"start":{"line":35,"column":12},"end":{"line":35,"column":33}},"11":{"start":{"line":42,"column":2},"end":{"line":53,"column":4}},"12":{"start":{"line":49,"column":28},"end":{"line":49,"column":37}},"13":{"start":{"line":58,"column":15},"end":{"line":70,"column":2}}},"fnMap":{"0":{"name":"(anonymous_0)","decl":{"start":{"line":8,"column":19},"end":{"line":8,"column":20}},"loc":{"start":{"line":8,"column":37},"end":{"line":54,"column":1}},"line":8},"1":{"name":"(anonymous_1)","decl":{"start":{"line":11,"column":25},"end":{"line":11,"column":26}},"loc":{"start":{"line":11,"column":44},"end":{"line":14,"column":3}},"line":11},"2":{"name":"(anonymous_2)","decl":{"start":{"line":16,"column":26},"end":{"line":16,"column":27}},"loc":{"start":{"line":16,"column":45},"end":{"line":18,"column":3}},"line":16},"3":{"name":"(anonymous_3)","decl":{"start":{"line":20,"column":26},"end":{"line":20,"column":27}},"loc":{"start":{"line":20,"column":45},"end":{"line":26,"column":3}},"line":20},"4":{"name":"(anonymous_4)","decl":{"start":{"line":28,"column":21},"end":{"line":28,"column":22}},"loc":{"start":{"line":28,"column":59},"end":{"line":40,"column":3}},"line":28},"5":{"name":"(anonymous_5)","decl":{"start":{"line":34,"column":19},"end":{"line":34,"column":20}},"loc":{"start":{"line":34,"column":25},"end":{"line":36,"column":11}},"line":34},"6":{"name":"(anonymous_6)","decl":{"start":{"line":49,"column":20},"end":{"line":49,"column":21}},"loc":{"start":{"line":49,"column":28},"end":{"line":49,"column":37}},"line":49}},"branchMap":{},"s":{"0":1,"1":0,"2":0,"3":0,"4":0,"5":0,"6":0,"7":0,"8":0,"9":0,"10":0,"11":0,"12":0,"13":1},"f":{"0":0,"1":0,"2":0,"3":0,"4":0,"5":0,"6":0},"b":{},"_coverageSchema":"1a1c01bbd47fc00a2c39e90264f33305004495a9","hash":"82c32ec3844d7ae85612fbf28f48037eab5d04b8"}
,"/Users/yashwantnaik/ReactNative/MyWordBook/src/modules/information/InformationScreen.tsx": {"path":"/Users/yashwantnaik/ReactNative/MyWordBook/src/modules/information/InformationScreen.tsx","statementMap":{"0":{"start":{"line":14,"column":26},"end":{"line":41,"column":1}},"1":{"start":{"line":15,"column":16},"end":{"line":15,"column":54}},"2":{"start":{"line":17,"column":20},"end":{"line":25,"column":3}},"3":{"start":{"line":18,"column":18},"end":{"line":24,"column":6}},"4":{"start":{"line":19,"column":6},"end":{"line":23,"column":7}},"5":{"start":{"line":20,"column":8},"end":{"line":20,"column":53}},"6":{"start":{"line":22,"column":8},"end":{"line":22,"column":21}},"7":{"start":{"line":27,"column":2},"end":{"line":40,"column":4}},"8":{"start":{"line":35,"column":12},"end":{"line":35,"column":52}},"9":{"start":{"line":43,"column":15},"end":{"line":58,"column":2}}},"fnMap":{"0":{"name":"(anonymous_0)","decl":{"start":{"line":14,"column":26},"end":{"line":14,"column":27}},"loc":{"start":{"line":14,"column":32},"end":{"line":41,"column":1}},"line":14},"1":{"name":"(anonymous_1)","decl":{"start":{"line":17,"column":20},"end":{"line":17,"column":21}},"loc":{"start":{"line":17,"column":37},"end":{"line":25,"column":3}},"line":17},"2":{"name":"(anonymous_2)","decl":{"start":{"line":18,"column":39},"end":{"line":18,"column":40}},"loc":{"start":{"line":18,"column":48},"end":{"line":24,"column":5}},"line":18},"3":{"name":"(anonymous_3)","decl":{"start":{"line":34,"column":19},"end":{"line":34,"column":20}},"loc":{"start":{"line":34,"column":25},"end":{"line":36,"column":11}},"line":34}},"branchMap":{"0":{"loc":{"start":{"line":19,"column":6},"end":{"line":23,"column":7}},"type":"if","locations":[{"start":{"line":19,"column":6},"end":{"line":23,"column":7}},{"start":{"line":21,"column":13},"end":{"line":23,"column":7}}],"line":19},"1":{"loc":{"start":{"line":31,"column":7},"end":{"line":38,"column":7}},"type":"binary-expr","locations":[{"start":{"line":31,"column":7},"end":{"line":31,"column":50}},{"start":{"line":32,"column":8},"end":{"line":37,"column":10}}],"line":31}},"s":{"0":1,"1":0,"2":0,"3":0,"4":0,"5":0,"6":0,"7":0,"8":0,"9":1},"f":{"0":0,"1":0,"2":0,"3":0},"b":{"0":[0,0],"1":[0,0]},"_coverageSchema":"1a1c01bbd47fc00a2c39e90264f33305004495a9","hash":"5461c72b38ffbb3fcdc3a57e224d9fd2a86277bb"}
,"/Users/yashwantnaik/ReactNative/MyWordBook/src/modules/search/SearchScreen.tsx": {"path":"/Users/yashwantnaik/ReactNative/MyWordBook/src/modules/search/SearchScreen.tsx","statementMap":{"0":{"start":{"line":18,"column":21},"end":{"line":128,"column":1}},"1":{"start":{"line":19,"column":35},"end":{"line":19,"column":47}},"2":{"start":{"line":20,"column":42},"end":{"line":20,"column":57}},"3":{"start":{"line":21,"column":36},"end":{"line":21,"column":48}},"4":{"start":{"line":22,"column":36},"end":{"line":22,"column":51}},"5":{"start":{"line":25,"column":4},"end":{"line":25,"column":34}},"6":{"start":{"line":27,"column":4},"end":{"line":31,"column":7}},"7":{"start":{"line":35,"column":4},"end":{"line":35,"column":32}},"8":{"start":{"line":39,"column":4},"end":{"line":39,"column":23}},"9":{"start":{"line":40,"column":4},"end":{"line":40,"column":21}},"10":{"start":{"line":41,"column":4},"end":{"line":41,"column":22}},"11":{"start":{"line":42,"column":4},"end":{"line":53,"column":6}},"12":{"start":{"line":44,"column":8},"end":{"line":44,"column":27}},"13":{"start":{"line":45,"column":8},"end":{"line":49,"column":9}},"14":{"start":{"line":46,"column":10},"end":{"line":46,"column":32}},"15":{"start":{"line":48,"column":10},"end":{"line":48,"column":33}},"16":{"start":{"line":56,"column":2},"end":{"line":127,"column":4}},"17":{"start":{"line":87,"column":14},"end":{"line":87,"column":37}},"18":{"start":{"line":112,"column":10},"end":{"line":122,"column":12}},"19":{"start":{"line":118,"column":18},"end":{"line":118,"column":38}},"20":{"start":{"line":130,"column":15},"end":{"line":148,"column":2}}},"fnMap":{"0":{"name":"(anonymous_0)","decl":{"start":{"line":18,"column":21},"end":{"line":18,"column":22}},"loc":{"start":{"line":18,"column":39},"end":{"line":128,"column":1}},"line":18},"1":{"name":"navigateToInfo","decl":{"start":{"line":24,"column":11},"end":{"line":24,"column":25}},"loc":{"start":{"line":24,"column":36},"end":{"line":32,"column":3}},"line":24},"2":{"name":"onChangeText","decl":{"start":{"line":34,"column":11},"end":{"line":34,"column":23}},"loc":{"start":{"line":34,"column":51},"end":{"line":36,"column":3}},"line":34},"3":{"name":"onPressSearch","decl":{"start":{"line":38,"column":17},"end":{"line":38,"column":30}},"loc":{"start":{"line":38,"column":33},"end":{"line":54,"column":3}},"line":38},"4":{"name":"(anonymous_4)","decl":{"start":{"line":43,"column":6},"end":{"line":43,"column":7}},"loc":{"start":{"line":43,"column":25},"end":{"line":50,"column":7}},"line":43},"5":{"name":"(anonymous_5)","decl":{"start":{"line":86,"column":24},"end":{"line":86,"column":25}},"loc":{"start":{"line":86,"column":30},"end":{"line":88,"column":13}},"line":86},"6":{"name":"(anonymous_6)","decl":{"start":{"line":111,"column":23},"end":{"line":111,"column":24}},"loc":{"start":{"line":111,"column":38},"end":{"line":123,"column":9}},"line":111},"7":{"name":"(anonymous_7)","decl":{"start":{"line":117,"column":25},"end":{"line":117,"column":26}},"loc":{"start":{"line":117,"column":31},"end":{"line":119,"column":17}},"line":117}},"branchMap":{"0":{"loc":{"start":{"line":45,"column":8},"end":{"line":49,"column":9}},"type":"if","locations":[{"start":{"line":45,"column":8},"end":{"line":49,"column":9}},{"start":{"line":47,"column":15},"end":{"line":49,"column":9}}],"line":45}},"s":{"0":1,"1":0,"2":0,"3":0,"4":0,"5":0,"6":0,"7":0,"8":0,"9":0,"10":0,"11":0,"12":0,"13":0,"14":0,"15":0,"16":0,"17":0,"18":0,"19":0,"20":1},"f":{"0":0,"1":0,"2":0,"3":0,"4":0,"5":0,"6":0,"7":0},"b":{"0":[0,0]},"_coverageSchema":"1a1c01bbd47fc00a2c39e90264f33305004495a9","hash":"6c1430cdb69afb0b03e6e85c8aa7f63b8731831a"}
,"/Users/yashwantnaik/ReactNative/MyWordBook/src/services/AsyncStorageService.ts": {"path":"/Users/yashwantnaik/ReactNative/MyWordBook/src/services/AsyncStorageService.ts","statementMap":{"0":{"start":{"line":6,"column":4},"end":{"line":8,"column":7}},"1":{"start":{"line":7,"column":6},"end":{"line":7,"column":73}},"2":{"start":{"line":12,"column":4},"end":{"line":17,"column":5}},"3":{"start":{"line":13,"column":21},"end":{"line":13,"column":52}},"4":{"start":{"line":14,"column":6},"end":{"line":14,"column":52}},"5":{"start":{"line":14,"column":26},"end":{"line":14,"column":52}},"6":{"start":{"line":16,"column":6},"end":{"line":16,"column":23}},"7":{"start":{"line":21,"column":4},"end":{"line":23,"column":7}},"8":{"start":{"line":22,"column":6},"end":{"line":22,"column":78}},"9":{"start":{"line":27,"column":4},"end":{"line":29,"column":7}},"10":{"start":{"line":28,"column":6},"end":{"line":28,"column":86}}},"fnMap":{"0":{"name":"(anonymous_0)","decl":{"start":{"line":5,"column":2},"end":{"line":5,"column":3}},"loc":{"start":{"line":5,"column":48},"end":{"line":9,"column":3}},"line":5},"1":{"name":"(anonymous_1)","decl":{"start":{"line":6,"column":58},"end":{"line":6,"column":59}},"loc":{"start":{"line":6,"column":64},"end":{"line":8,"column":5}},"line":6},"2":{"name":"(anonymous_2)","decl":{"start":{"line":11,"column":2},"end":{"line":11,"column":3}},"loc":{"start":{"line":11,"column":50},"end":{"line":18,"column":3}},"line":11},"3":{"name":"(anonymous_3)","decl":{"start":{"line":20,"column":2},"end":{"line":20,"column":3}},"loc":{"start":{"line":20,"column":39},"end":{"line":24,"column":3}},"line":20},"4":{"name":"(anonymous_4)","decl":{"start":{"line":21,"column":39},"end":{"line":21,"column":40}},"loc":{"start":{"line":21,"column":45},"end":{"line":23,"column":5}},"line":21},"5":{"name":"(anonymous_5)","decl":{"start":{"line":26,"column":2},"end":{"line":26,"column":3}},"loc":{"start":{"line":26,"column":36},"end":{"line":30,"column":3}},"line":26},"6":{"name":"(anonymous_6)","decl":{"start":{"line":27,"column":31},"end":{"line":27,"column":32}},"loc":{"start":{"line":27,"column":40},"end":{"line":29,"column":5}},"line":27}},"branchMap":{"0":{"loc":{"start":{"line":14,"column":6},"end":{"line":14,"column":52}},"type":"if","locations":[{"start":{"line":14,"column":6},"end":{"line":14,"column":52}},{"start":{},"end":{}}],"line":14}},"s":{"0":0,"1":0,"2":1,"3":1,"4":1,"5":0,"6":0,"7":0,"8":0,"9":0,"10":0},"f":{"0":0,"1":0,"2":1,"3":0,"4":0,"5":0,"6":0},"b":{"0":[0,1]},"_coverageSchema":"1a1c01bbd47fc00a2c39e90264f33305004495a9","hash":"8a4e3322dc842823a67df4200efc89fe0d517bb5"}
}
